<?xml version="1.0" encoding="utf-8"?><testsuites><testsuite name="pytest" errors="0" failures="0" skipped="0" tests="386" time="35.442" timestamp="2026-08-10T10:44:16.556754" hostname="Unknown_da:e5:48:24:1d:4f"><testcase classname="tests.random_effects.test_random_effects_estimator" name="test_balanced_random_effects_anova_recovers_known_scales_approximately" time="0.095" /><testcase classname="tests.regression.test_dtwa_validation_repair" name="test_css_phase_point_shell_is_not_forced_to_half" time="0.001" /><testcase classname="tests.regression.test_dtwa_validation_repair" name="test_css_squeezing_near_zero_db_at_t0" time="0.003" /><testcase classname="tests.regression.test_dtwa_validation_repair" name="test_no_first_step_spin_length_collapse_no_holes" time="0.002" /><testcase classname="tests.regression.test_stage4b_decision_integrity" name="test_nested_trajectory_count_matches_decision_source" time="0.001" /><testcase classname="tests.regression.test_stage4b_decision_integrity" name="test_saved_shape_table_preserves_shape_column" time="0.015" /><testcase classname="tests.regression.test_stage4b_decision_integrity" name="test_shape_column_is_not_pandas_shape_tuple" time="0.001" /><testcase classname="tests.regression.test_stage4f_decision_language" name="test_stage4f_decision_never_allows_publication_claim_directly" time="0.000" /><testcase classname="tests.regression.test_stage5aR_repair_integrity" name="test_stage5aR_no_publication_claim_in_decision_script" time="0.000" /><testcase classname="tests.regression.test_stage5aR_repair_integrity" name="test_stage5aR_runbook_names_full_high_trajectory_gate" time="0.000" /><testcase classname="tests.regression.test_stage5b0_gate_semantics" name="test_stage5b0_block_fails_when_trajectory_fraction_high" time="0.000" /><testcase classname="tests.regression.test_stage5b0_gate_semantics" name="test_stage5b0_block_passes_when_all_gates_pass" time="0.000" /><testcase classname="tests.stage2.test_stage2_configs_and_scripts" name="test_stage2_full_is_not_smaller_than_lite" time="0.002" /><testcase classname="tests.stage2.test_stage2_configs_and_scripts" name="test_stage2_lite_configs_exist_and_parse" time="0.006" /><testcase classname="tests.stage2.test_stage2_configs_and_scripts" name="test_stage2_scripts_exist" time="0.000" /><testcase classname="tests.stage3.test_stage3_package" name="test_stage3_commands_exist" time="0.000" /><testcase classname="tests.stage3.test_stage3_package" name="test_stage3_configs_have_publication_controls" time="0.004" /><testcase classname="tests.stage3.test_stage3_package" name="test_stage3_scripts_exist" time="0.000" /><testcase classname="tests.stage3a.test_stage3a_package" name="test_stage3a_config_has_boss_gates" time="0.001" /><testcase classname="tests.stage3a.test_stage3a_package" name="test_stage3a_runbook_exists" time="0.000" /><testcase classname="tests.stage3a.test_stage3a_package" name="test_stage3a_scripts_exist" time="0.000" /><testcase classname="tests.stage3b.test_stage3b_package" name="test_stage3b_config_has_multiple_shapes_and_core_pair" time="0.002" /><testcase classname="tests.stage3b.test_stage3b_package" name="test_stage3b_files_exist" time="0.000" /><testcase classname="tests.stage3b.test_stage3b_package" name="test_stage3b_forbids_constructive_claim_in_readme" time="0.000" /><testcase classname="tests.stage3c.test_stage3c_preflight_assets" name="test_stage3c_config_has_preflight_gates" time="0.002" /><testcase classname="tests.stage3c.test_stage3c_preflight_assets" name="test_stage3c_runbook_exists" time="0.000" /><testcase classname="tests.stage3c.test_stage3c_preflight_assets" name="test_stage3c_scripts_exist" time="0.000" /><testcase classname="tests.stage4.test_stage4_package" name="test_stage4_assets_exist" time="0.000" /><testcase classname="tests.stage4.test_stage4_package" name="test_stage4_config_has_publication_gates" time="0.002" /><testcase classname="tests.stage4a.test_stage4a_structure" name="test_stage4a_config_has_nested_design" time="0.002" /><testcase classname="tests.stage4a.test_stage4a_structure" name="test_stage4a_scripts_exist" time="0.000" /><testcase classname="tests.stage4b.test_stage4b_structure" name="test_stage4b_config_includes_stage4a_seed_fix" time="0.002" /><testcase classname="tests.stage4b.test_stage4b_structure" name="test_stage4b_scripts_exist" time="0.000" /><testcase classname="tests.stage4c.test_stage4c_structure" name="test_stage4c_assets_exist" time="0.000" /><testcase classname="tests.stage4c.test_stage4c_structure" name="test_stage4c_config_is_trajectory_preflight" time="0.002" /><testcase classname="tests.stage4d.test_stage4d_structure" name="test_stage4d_assets_exist" time="0.000" /><testcase classname="tests.stage4d.test_stage4d_structure" name="test_stage4d_config_is_targeted_but_not_toy" time="0.002" /><testcase classname="tests.stage4d.test_stage4d_structure" name="test_stage4d_no_pandas_shape_attribute_bug" time="0.000" /><testcase classname="tests.stage4e.test_stage4e_structure" name="test_stage4e_assets_exist" time="0.000" /><testcase classname="tests.stage4e.test_stage4e_structure" name="test_stage4e_claim_scope_is_not_publication_final" time="0.000" /><testcase classname="tests.stage4e.test_stage4e_structure" name="test_stage4e_focuses_single_promising_shape" time="0.003" /><testcase classname="tests.stage4f.test_stage4f_structure" name="test_stage4f_config_is_targeted_and_stronger_than_stage4e_lite" time="0.002" /><testcase classname="tests.stage4f.test_stage4f_structure" name="test_stage4f_full_recommended_config_exists" time="0.002" /><testcase classname="tests.stage4f.test_stage4f_structure" name="test_stage4f_scripts_exist" time="0.000" /><testcase classname="tests.stage4g.test_stage4g_structure" name="test_stage4g_config_is_targeted_and_stronger_than_stage4e_lite" time="0.002" /><testcase classname="tests.stage4g.test_stage4g_structure" name="test_stage4g_full_recommended_config_exists" time="0.002" /><testcase classname="tests.stage4g.test_stage4g_structure" name="test_stage4g_scripts_exist" time="0.000" /><testcase classname="tests.stage5a.test_stage5a_structure" name="test_stage5a_config_preregistered" time="0.002" /><testcase classname="tests.stage5a.test_stage5a_structure" name="test_stage5a_files_exist" time="0.000" /><testcase classname="tests.stage5a.test_stage5a_structure" name="test_stage5a_script_records_parent_and_campaign_hashes" time="0.000" /><testcase classname="tests.stage5a2.test_stage5a2_structure" name="test_stage5a2_figures_do_not_hardcode_old_threshold" time="0.000" /><testcase classname="tests.stage5a2.test_stage5a2_structure" name="test_stage5a2_files_exist" time="0.000" /><testcase classname="tests.stage5a2.test_stage5a2_structure" name="test_stage5a2_full_has_larger_seed_reps" time="0.003" /><testcase classname="tests.stage5a2.test_stage5a2_structure" name="test_stage5a2_lite_is_true_high_trajectory_gate" time="0.002" /><testcase classname="tests.stage5a2.test_stage5a2_structure" name="test_stage5a2_script_has_provenance_resume_and_no_publication_claim" time="0.000" /><testcase classname="tests.stage5a3.test_stage5a3_structure" name="test_stage5a3_files_exist" time="0.000" /><testcase classname="tests.stage5a3.test_stage5a3_structure" name="test_stage5a3_full_is_larger_than_lite" time="0.005" /><testcase classname="tests.stage5a3.test_stage5a3_structure" name="test_stage5a3_lite_is_locked_high_trajectory_replication" time="0.003" /><testcase classname="tests.stage5a3.test_stage5a3_structure" name="test_stage5a3_script_has_two_blocks_and_no_publication_claim" time="0.000" /><testcase classname="tests.stage5aR.test_stage5aR_structure" name="test_stage5aR_files_exist" time="0.000" /><testcase classname="tests.stage5aR.test_stage5aR_structure" name="test_stage5aR_full_has_boss_requested_128_gate" time="0.003" /><testcase classname="tests.stage5aR.test_stage5aR_structure" name="test_stage5aR_lite_uses_higher_trajectory_than_failed_stage5a" time="0.002" /><testcase classname="tests.stage5aR.test_stage5aR_structure" name="test_stage5aR_script_preserves_hashes_and_safe_claims" time="0.000" /><testcase classname="tests.stage5b0.test_stage5b0_structure" name="test_stage5b0_config_has_five_labels_and_lock" time="0.003" /><testcase classname="tests.stage5b0.test_stage5b0_structure" name="test_stage5b0_entrypoints_exist" time="0.000" /><testcase classname="tests.stage5b0.test_stage5b0_structure" name="test_stage5b0_gate_threshold_explicit" time="0.003" /><testcase classname="tests.stage5b0R.test_stage5b0R_structure" name="test_stage5b0R_config_has_adaptive_candidates" time="0.003" /><testcase classname="tests.stage5b0R.test_stage5b0R_structure" name="test_stage5b0R_runbook_exists" time="0.000" /><testcase classname="tests.stage5b0R.test_stage5b0R_structure" name="test_stage5b0R_scripts_exist" time="0.000" /><testcase classname="tests.stage5b1.test_stage5b1_structure" name="test_stage5b1_config_is_replicated_five_label" time="0.003" /><testcase classname="tests.stage5b1.test_stage5b1_structure" name="test_stage5b1_runbook_exists" time="0.000" /><testcase classname="tests.stage5b1.test_stage5b1_structure" name="test_stage5b1_scripts_exist" time="0.000" /><testcase classname="tests.stage5b1R.test_stage5b1R_repair_scripts" name="test_curve_repair_script_exists" time="0.000" /><testcase classname="tests.stage5b1R.test_stage5b1R_repair_scripts" name="test_per_contrast_uncertainty_script_exists" time="0.000" /><testcase classname="tests.stage5b1R.test_stage5b1R_repair_scripts" name="test_repair_wrapper_exists" time="0.000" /><testcase classname="tests.stage5c.test_stage5c_controlled" name="test_stage5c_config_exists" time="0.000" /><testcase classname="tests.stage5c.test_stage5c_controlled" name="test_stage5c_scripts_exist" time="0.000" /><testcase classname="tests.stage5c.test_stage5c_nested_fraction_formula" name="test_trajectory_fraction_uses_within_divided_by_repetitions" time="0.000" /><testcase classname="tests.stage5c.test_stage5c_target_repair_structure" name="test_stage5c_target_repair_config_is_not_broad_compute" time="0.002" /><testcase classname="tests.stage5c.test_stage5c_target_repair_structure" name="test_stage5c_target_repair_files_exist" time="0.000" /><testcase classname="tests.stage5c1_c2.test_stage5c1_c2_structure" name="test_pipeline_files_exist" time="0.000" /><testcase classname="tests.stage5c1_c2.test_stage5c1_c2_structure" name="test_pipeline_is_gated" time="0.002" /><testcase classname="tests.stage5c2b.test_stage5c2b_scripts" name="test_stage5c2b_config_locked_scope" time="0.002" /><testcase classname="tests.stage5c2b.test_stage5c2b_scripts" name="test_stage5c2b_dry_run_requires_locked_primary" time="0.001" /><testcase classname="tests.stage5c2b.test_stage5c2b_scripts" name="test_stage5c2b_files_exist" time="0.000" /><testcase classname="tests.stage5c2c.test_stage5c2c_scripts" name="test_stage4_supports_trajectory_seed_offset" time="0.000" /><testcase classname="tests.stage5c2c.test_stage5c2c_scripts" name="test_stage5c2c_config_gated" time="0.003" /><testcase classname="tests.stage5c2c.test_stage5c2c_scripts" name="test_stage5c2c_files_exist" time="0.000" /><testcase classname="tests.stage5c2d.test_random_stream_separation" name="test_explicit_occupancy_seed_changes_occupancy_when_requested" time="0.004" /><testcase classname="tests.stage5c2d.test_random_stream_separation" name="test_explicit_occupancy_seed_holds_initial_occupancy_fixed_when_phase_changes" time="0.003" /><testcase classname="tests.stage5c2d.test_stage5c2d_scripts" name="test_stage5c2d_config_is_two_label_nested_design" time="0.002" /><testcase classname="tests.stage5c2d.test_stage5c2d_scripts" name="test_stage5c2d_files_exist" time="0.000" /><testcase classname="tests.stage5c2eR.test_stage5c2eR_structure" name="test_domain_seed_is_stable_and_separated" time="0.001" /><testcase classname="tests.stage5c2eR.test_stage5c2eR_structure" name="test_patch_script_runs" time="0.098" /><testcase classname="tests.stage5c2eR.test_stage5c2eR_structure" name="test_stage5c2er_config_targets_dominant_variance" time="0.003" /><testcase classname="tests.stage5c2eR.test_stage5c2eR_structure" name="test_stage5c2er_files_exist" time="0.000" /><testcase classname="tests.stage5c2f.test_stage5c2f_invariants" name="test_canonical_locked_confirmation_is_complete" time="0.002" /><testcase classname="tests.stage5c2f.test_stage5c2f_invariants" name="test_cross_block_seed_collision_hard_fail" time="0.014" /><testcase classname="tests.stage5c2f.test_stage5c2f_invariants" name="test_every_generated_row_contract_is_present_in_runner_source" time="0.000" /><testcase classname="tests.stage5c2f.test_stage5c2f_invariants" name="test_frozen_confirmation_pairs_by_physical_occupancy_and_nested_indices" time="0.009" /><testcase classname="tests.stage5c2f.test_stage5c2f_invariants" name="test_legacy_command_contract_is_explicitly_preserved" time="0.000" /><testcase classname="tests.stage5c2f.test_stage5c2f_invariants" name="test_multiple_physical_occupancies_under_one_index_hard_fail" time="0.010" /><testcase classname="tests.stage5c2f.test_stage5c2f_invariants" name="test_planned_hierarchy_and_confirmation_namespaces_pass" time="0.011" /><testcase classname="tests.stage5c2f.test_stage5c2f_invariants" name="test_preregistered_design_is_fresh_balanced_and_scoped" time="0.002" /><testcase classname="tests.stage5c2f.test_stage5c2f_invariants" name="test_source_generated_decision_matches_golden_failure" time="1.889" /><testcase classname="tests.stage5c2f.test_stage5c2f_invariants" name="test_vectorized_nested_bootstrap_is_deterministic" time="0.005" /><testcase classname="tests.stage5c2g.test_stage5c2g_protocol_and_models" name="test_calibration_and_validation_case_ids_are_disjoint" time="0.004" /><testcase classname="tests.stage5c2g.test_stage5c2g_protocol_and_models" name="test_constrained_basis_dimension_and_particle_sector" time="0.006" /><testcase classname="tests.stage5c2g.test_stage5c2g_protocol_and_models" name="test_constrained_curve_has_exact_accounting" time="0.012" /><testcase classname="tests.stage5c2g.test_stage5c2g_protocol_and_models" name="test_constrained_hamiltonian_is_hermitian" time="0.001" /><testcase classname="tests.stage5c2g.test_stage5c2g_protocol_and_models" name="test_dtwa_accepts_an_explicit_matched_occupancy" time="0.001" /><testcase classname="tests.stage5c2g.test_stage5c2g_protocol_and_models" name="test_fixed_count_design_is_exactly_preregistered" time="0.017" /><testcase classname="tests.stage5c2g.test_stage5c2g_protocol_and_models" name="test_hopping_transports_the_spin_with_the_particle" time="0.001" /><testcase classname="tests.stage5c2g.test_stage5c2g_protocol_and_models" name="test_nested_bootstrap_is_deterministic_and_reports_uncertainty" time="0.005" /><testcase classname="tests.stage5c2g.test_stage5c2g_protocol_and_models" name="test_new_seed_namespace_is_disjoint_from_primary_and_confirmation" time="0.029" /><testcase classname="tests.stage5c2g.test_stage5c2g_protocol_and_models" name="test_protocol_lock_excludes_machine_generated_cache_files" time="0.014" /><testcase classname="tests.stage5c2g.test_stage5c2g_protocol_and_models" name="test_protocol_locks_primary_estimator_and_removes_equivalence_gate" time="0.002" /><testcase classname="tests.stage5c2g.test_stage5c2g_protocol_and_models" name="test_source_generated_both_fail_decision_matches_golden" time="0.141" /><testcase classname="tests.stage5c2g.test_stage5c2g_protocol_and_models" name="test_topology_descriptors_detect_disconnection" time="0.001" /><testcase classname="tests.stage5c2g.test_stage5c2g_protocol_and_models" name="test_unfinalized_protocol_blocks_production" time="0.001" /><testcase classname="tests.stage5c2g.test_stage5c2g_protocol_and_models" name="test_zero_hopping_and_zero_spin_density_limits_reduce_exactly" time="0.022" /><testcase classname="tests.stage5c2gR.test_stage5c2gR_fail_closed" name="test_chunk_resume_rejects_stale_or_modified_files" time="0.009" /><testcase classname="tests.stage5c2gR.test_stage5c2gR_fail_closed" name="test_every_covered_file_hash_contributes_to_source_tree_identity" time="0.331" /><testcase classname="tests.stage5c2gR.test_stage5c2gR_fail_closed" name="test_failed_calibration_lock_is_rejected" time="0.001" /><testcase classname="tests.stage5c2gR.test_stage5c2gR_fail_closed" name="test_full_closure_contains_previous_uncovered_scientific_modules" time="0.072" /><testcase classname="tests.stage5c2gR.test_stage5c2gR_fail_closed" name="test_identical_physical_identifiers_repeat_exactly" time="0.000" /><testcase classname="tests.stage5c2gR.test_stage5c2gR_fail_closed" name="test_imported_source_mutation_fails_closed" time="0.012" /><testcase classname="tests.stage5c2gR.test_stage5c2gR_fail_closed" name="test_lock_payload_edit_fails_against_external_receipt" time="0.008" /><testcase classname="tests.stage5c2gR.test_stage5c2gR_fail_closed" name="test_missing_custody_object_fails_candidate_construction" time="0.006" /><testcase classname="tests.stage5c2gR.test_stage5c2gR_fail_closed" name="test_paired_zero_hopping_and_zero_spin_density_are_exact" time="0.005" /><testcase classname="tests.stage5c2gR.test_stage5c2gR_fail_closed" name="test_random_units_are_label_independent_and_order_invariant" time="0.000" /><testcase classname="tests.stage5c2gR.test_stage5c2gR_fail_closed" name="test_transport_identity_is_zero_for_identical_paths" time="0.000" /><testcase classname="tests.stage5c2gR2.test_stage5c2gR2_adversarial" name="test_candidate_binds_every_canonical_config_and_matching_environment_lock" time="0.418" /><testcase classname="tests.stage5c2gR2.test_stage5c2gR2_adversarial" name="test_canonical_plans_have_frozen_expected_counts" time="0.234" /><testcase classname="tests.stage5c2gR2.test_stage5c2gR2_adversarial" name="test_dependency_environment_mismatch_fails" time="0.008" /><testcase classname="tests.stage5c2gR2.test_stage5c2gR2_adversarial" name="test_deterministic_merge_hashes_output_and_rejects_duplicate_ids" time="0.006" /><testcase classname="tests.stage5c2gR2.test_stage5c2gR2_adversarial" name="test_every_locked_runtime_file_mutation_or_deletion_changes_identity" time="0.557" /><testcase classname="tests.stage5c2gR2.test_stage5c2gR2_adversarial" name="test_external_config_injection_is_rejected_before_lock_check" time="2.216" /><testcase classname="tests.stage5c2gR2.test_stage5c2gR2_adversarial" name="test_extra_root_conftest_plugin_yaml_and_shell_change_exact_file_set" time="0.003" /><testcase classname="tests.stage5c2gR2.test_stage5c2gR2_adversarial" name="test_fabricated_all_zero_gate_digest_fails" time="0.410" /><testcase classname="tests.stage5c2gR2.test_stage5c2gR2_adversarial" name="test_fabricated_supervisor_receipt_cannot_authorize_unverified_gate" time="0.406" /><testcase classname="tests.stage5c2gR2.test_stage5c2gR2_adversarial" name="test_failure_atomically_revokes_prior_pass" time="0.002" /><testcase classname="tests.stage5c2gR2.test_stage5c2gR2_adversarial" name="test_g1_uses_production_mapping_for_both_zero_limits" time="0.000" /><testcase classname="tests.stage5c2gR2.test_stage5c2gR2_adversarial" name="test_hierarchical_gate_enforces_interval_not_point_estimate" time="0.058" /><testcase classname="tests.stage5c2gR2.test_stage5c2gR2_adversarial" name="test_nested_hierarchical_interval_has_width_and_recovers_known_mean" time="0.045" /><testcase classname="tests.stage5c2gR2.test_stage5c2gR2_adversarial" name="test_raw_output_corruption_fails" time="0.439" /><testcase classname="tests.stage5c2gR2.test_stage5c2gR2_adversarial" name="test_rejected_legacy_routes_exit_nonzero[run_stage5c2gR_calibration_invariants.py]" time="2.093" /><testcase classname="tests.stage5c2gR2.test_stage5c2gR2_adversarial" name="test_rejected_legacy_routes_exit_nonzero[verify_stage5c2gR_protocol_lock.py]" time="1.796" /><testcase classname="tests.stage5c2gR2.test_stage5c2gR2_adversarial" name="test_rejected_legacy_routes_exit_nonzero[verify_stage5c2g_protocol_lock.py]" time="1.777" /><testcase classname="tests.stage5c2gR2.test_stage5c2gR2_adversarial" name="test_synchronized_joint_bootstrap_preserves_time_covariance" time="0.086" /><testcase classname="tests.stage5c2gR2.test_stage5c2gR2_adversarial" name="test_synthetic_hierarchical_interval_coverage" time="0.350" /><testcase classname="tests.stage5c2gR2.test_stage5c2gR2_adversarial" name="test_wrong_upstream_config_identity_fails" time="0.428" /><testcase classname="tests.stage5c2gR3.test_stage5c2gR3_adversarial" name="test_absolute_and_parent_traversal_manifest_paths_are_rejected[../MANIFEST.json]" time="0.000" /><testcase classname="tests.stage5c2gR3.test_stage5c2gR3_adversarial" name="test_absolute_and_parent_traversal_manifest_paths_are_rejected[/tmp/external/MANIFEST.json]" time="0.000" /><testcase classname="tests.stage5c2gR3.test_stage5c2gR3_adversarial" name="test_absolute_and_parent_traversal_manifest_paths_are_rejected[results/../MANIFEST.json]" time="0.000" /><testcase classname="tests.stage5c2gR3.test_stage5c2gR3_adversarial" name="test_canonical_attempt_root_symlink_is_rejected" time="0.010" /><testcase classname="tests.stage5c2gR3.test_stage5c2gR3_adversarial" name="test_duplicate_registry_id_fails_even_with_complete_rows_and_hashes" time="0.519" /><testcase classname="tests.stage5c2gR3.test_stage5c2gR3_adversarial" name="test_every_python_file_must_parse" time="0.363" /><testcase classname="tests.stage5c2gR3.test_stage5c2gR3_adversarial" name="test_external_copy_wheel_install_does_not_mutate_candidate" time="0.472" /><testcase classname="tests.stage5c2gR3.test_stage5c2gR3_adversarial" name="test_external_pythonpath_shim_cannot_pass_static_gate" time="0.171" /><testcase classname="tests.stage5c2gR3.test_stage5c2gR3_adversarial" name="test_g2_g3_top_level_redesign_and_coverage_preregistration" time="0.004" /><testcase classname="tests.stage5c2gR3.test_stage5c2gR3_adversarial" name="test_generated_install_metadata_is_denied_and_tree_identity_is_exact" time="0.007" /><testcase classname="tests.stage5c2gR3.test_stage5c2gR3_adversarial" name="test_hidden_package_extensionless_executable_and_symlink_are_denied" time="0.005" /><testcase classname="tests.stage5c2gR3.test_stage5c2gR3_adversarial" name="test_manifest_rejects_missing_file_and_symlink_record" time="0.508" /><testcase classname="tests.stage5c2gR3.test_stage5c2gR3_adversarial" name="test_modified_candidate_metadata_changes_external_identity" time="0.000" /><testcase classname="tests.stage5c2gR3.test_stage5c2gR3_adversarial" name="test_native_and_loader_artifacts_are_denied[src/hook.pth]" time="0.003" /><testcase classname="tests.stage5c2gR3.test_stage5c2gR3_adversarial" name="test_native_and_loader_artifacts_are_denied[src/pkg/loader.loader]" time="0.003" /><testcase classname="tests.stage5c2gR3.test_stage5c2gR3_adversarial" name="test_native_and_loader_artifacts_are_denied[src/pkg/native.dylib]" time="0.003" /><testcase classname="tests.stage5c2gR3.test_stage5c2gR3_adversarial" name="test_native_and_loader_artifacts_are_denied[src/pkg/shadow.so]" time="0.003" /><testcase classname="tests.stage5c2gR3.test_stage5c2gR3_adversarial" name="test_negated_free_text_cannot_satisfy_structured_receipt" time="0.001" /><testcase classname="tests.stage5c2gR3.test_stage5c2gR3_adversarial" name="test_packaged_full_suite_dependencies_are_runtime_bound" time="0.057" /><testcase classname="tests.stage5c2gR3.test_stage5c2gR3_adversarial" name="test_paired_arbitrary_common_curves_fail_absolute_sanity[constant999]" time="1.476" /><testcase classname="tests.stage5c2gR3.test_stage5c2gR3_adversarial" name="test_paired_arbitrary_common_curves_fail_absolute_sanity[zeros]" time="1.463" /><testcase classname="tests.stage5c2gR3.test_stage5c2gR3_adversarial" name="test_primary_and_reference_semantics_agree_on_canonical_physical_curves" time="1.545" /><testcase classname="tests.stage5c2gR3.test_stage5c2gR3_adversarial" name="test_recursive_manifest_rejects_nested_unlisted_file" time="0.538" /><testcase classname="tests.stage5c2gR3.test_stage5c2gR3_adversarial" name="test_rejected_or_blocked_routes_exit_nonzero[run_stage5c2gR2_calibration_invariants.py]" time="2.159" /><testcase classname="tests.stage5c2gR3.test_stage5c2gR3_adversarial" name="test_rejected_or_blocked_routes_exit_nonzero[run_stage5c2gR3_fixed_count.py]" time="0.036" /><testcase classname="tests.stage5c2gR3.test_stage5c2gR3_adversarial" name="test_rejected_or_blocked_routes_exit_nonzero[run_stage5c2gR3_transport_calibration.py]" time="0.035" /><testcase classname="tests.stage5c2gR3.test_stage5c2gR3_adversarial" name="test_rejected_or_blocked_routes_exit_nonzero[run_stage5c2gR3_untouched_validity.py]" time="0.034" /><testcase classname="tests.stage5c2gR3.test_stage5c2gR3_adversarial" name="test_rejected_or_blocked_routes_exit_nonzero[verify_stage5c2gR2_protocol.py]" time="1.815" /><testcase classname="tests.stage5c2gR3.test_stage5c2gR3_adversarial" name="test_self_consistent_999_curves_fail_semantic_authorization" time="1.536" /><testcase classname="tests.stage5c2gR3.test_stage5c2gR3_adversarial" name="test_single_writer_and_cas_reject_concurrent_and_stale_completion" time="0.004" /><testcase classname="tests.stage5c2gR3.test_stage5c2gR3_adversarial" name="test_structured_receipt_requires_exact_g1_only_decision" time="0.001" /><testcase classname="tests.stage5c2gR3.test_stage5c2gR3_adversarial" name="test_two_distinct_physical_hosts_preserve_candidate_identity" time="0.001" /><testcase classname="tests.stage5c2gR3.test_stage5c2gR3_adversarial" name="test_two_processes_cannot_both_begin_the_same_gate" time="0.028" /><testcase classname="tests.stage5c2gR3.test_stage5c2gR3_adversarial" name="test_two_virtual_environments_on_one_physical_host_are_rejected" time="0.002" /><testcase classname="tests.stage5c2gR3.test_stage5c2gR3_adversarial" name="test_unknown_runtime_suffix_is_denied" time="0.003" /><testcase classname="tests.stage5c2gR3.test_stage5c2gR3_adversarial" name="test_unlisted_repository_root_hook_is_rejected" time="0.002" /><testcase classname="tests.stage5c2gR3.test_stage5c2gR3_adversarial" name="test_wrong_platform_and_thread_identity_fail_closed" time="2.816" /><testcase classname="tests.stage5c2gR32.test_dtwa_quadrature_interface" name="test_dtwa_accepts_explicit_phase_points_and_refinement_substeps" time="0.001" /><testcase classname="tests.stage5c2gR32.test_dtwa_quadrature_interface" name="test_dtwa_rejects_invalid_refinement[-1]" time="0.000" /><testcase classname="tests.stage5c2gR32.test_dtwa_quadrature_interface" name="test_dtwa_rejects_invalid_refinement[0]" time="0.000" /><testcase classname="tests.stage5c2gR32.test_dtwa_quadrature_interface" name="test_dtwa_rejects_wrong_explicit_phase_shape" time="0.000" /><testcase classname="tests.stage5c2gR32.test_stage5c2gR32_protocol" name="test_candidate_hash_excludes_no_scientific_identity_fields" time="0.000" /><testcase classname="tests.stage5c2gR32.test_stage5c2gR32_protocol" name="test_complete_css_x_quadrature_is_unique_weighted_and_deterministic" time="0.006" /><testcase classname="tests.stage5c2gR32.test_stage5c2gR32_protocol" name="test_hard_bound_accepts_valid_quadrature_and_rejects_injected_violation" time="0.002" /><testcase classname="tests.stage5c2gR32.test_stage5c2gR32_protocol" name="test_package_and_runtime_versions_are_consistent" time="0.001" /><testcase classname="tests.stage5c2gR32.test_stage5c2gR32_protocol" name="test_protocol_forbids_predecessor_retry_and_all_downstream_scopes" time="0.001" /><testcase classname="tests.stage5c2gR32.test_stage5c2gR32_protocol" name="test_receipt_template_has_exact_fail_closed_scope" time="0.000" /><testcase classname="tests.stage5c2gR32.test_stage5c2gR32_protocol" name="test_statistical_rule_is_preregistered_and_familywise" time="0.002" /><testcase classname="tests.stage5c2gR32.test_stage5c2gR32_protocol" name="test_wilson_interval_fail_closes_small_or_high_error_campaigns" time="0.000" /><testcase classname="tests.stage5c2gR32A.test_stage5c2gR32A_calibration" name="test_all_four_unit_registry_and_missing_or_duplicate_fail_closed" time="0.002" /><testcase classname="tests.stage5c2gR32A.test_stage5c2gR32A_calibration" name="test_analytic_normal_power_matches_closed_form_fixture" time="0.000" /><testcase classname="tests.stage5c2gR32A.test_stage5c2gR32A_calibration" name="test_development_and_validation_seed_namespaces_do_not_collide" time="0.003" /><testcase classname="tests.stage5c2gR32A.test_stage5c2gR32A_calibration" name="test_frozen_validation_rule_exactly_matches_development_rule" time="0.003" /><testcase classname="tests.stage5c2gR32A.test_stage5c2gR32A_calibration" name="test_global_family_is_stricter_than_each_case_family" time="0.000" /><testcase classname="tests.stage5c2gR32A.test_stage5c2gR32A_calibration" name="test_iid_sampling_retains_random_alternative_variability" time="0.010" /><testcase classname="tests.stage5c2gR32A.test_stage5c2gR32A_calibration" name="test_population_missing_duplicate_or_invalid_cells_fail_closed" time="0.294" /><testcase classname="tests.stage5c2gR32A.test_stage5c2gR32A_calibration" name="test_power_zero_and_one_hundred_percent_edges" time="0.000" /><testcase classname="tests.stage5c2gR32A.test_stage5c2gR32A_calibration" name="test_r32_failure_is_declared_immutable_and_not_a_rule_source" time="0.002" /><testcase classname="tests.stage5c2gR32A.test_stage5c2gR32A_calibration" name="test_simulated_alternative_is_random_and_matches_analytic_power" time="0.003" /><testcase classname="tests.stage5c2gR32A1.test_authorization_interface" name="test_each_invalid_receipt_fixture_fails_closed[authorized_scope-G1_G2]" time="0.001" /><testcase classname="tests.stage5c2gR32A1.test_authorization_interface" name="test_each_invalid_receipt_fixture_fails_closed[blocked_scopes-value14]" time="0.000" /><testcase classname="tests.stage5c2gR32A1.test_authorization_interface" name="test_each_invalid_receipt_fixture_fails_closed[candidate_sha256-bbbbbbbbbbbbbbbbbbbbbbbbbbbbbbbbbbbbbbbbbbbbbbbbbbbbbbbbbbbbbbbb]" time="0.000" /><testcase classname="tests.stage5c2gR32A1.test_authorization_interface" name="test_each_invalid_receipt_fixture_fails_closed[decision-REJECT]" time="0.000" /><testcase classname="tests.stage5c2gR32A1.test_authorization_interface" name="test_each_invalid_receipt_fixture_fails_closed[environment_sha256-bbbbbbbbbbbbbbbbbbbbbbbbbbbbbbbbbbbbbbbbbbbbbbbbbbbbbbbbbbbbbbbb]" time="0.000" /><testcase classname="tests.stage5c2gR32A1.test_authorization_interface" name="test_each_invalid_receipt_fixture_fails_closed[g1_config_sha256-bbbbbbbbbbbbbbbbbbbbbbbbbbbbbbbbbbbbbbbbbbbbbbbbbbbbbbbbbbbbbbbb]" time="0.000" /><testcase classname="tests.stage5c2gR32A1.test_authorization_interface" name="test_each_invalid_receipt_fixture_fails_closed[g1_plan_sha256-bbbbbbbbbbbbbbbbbbbbbbbbbbbbbbbbbbbbbbbbbbbbbbbbbbbbbbbbbbbbbbbb]" time="0.001" /><testcase classname="tests.stage5c2gR32A1.test_authorization_interface" name="test_each_invalid_receipt_fixture_fails_closed[issued_at_utc-2026-07-30T12:00:00]" time="0.000" /><testcase classname="tests.stage5c2gR32A1.test_authorization_interface" name="test_each_invalid_receipt_fixture_fails_closed[issuer-value17]" time="0.000" /><testcase classname="tests.stage5c2gR32A1.test_authorization_interface" name="test_each_invalid_receipt_fixture_fails_closed[issuer-value18]" time="0.000" /><testcase classname="tests.stage5c2gR32A1.test_authorization_interface" name="test_each_invalid_receipt_fixture_fails_closed[protocol_archive_sha256-bbbbbbbbbbbbbbbbbbbbbbbbbbbbbbbbbbbbbbbbbbbbbbbbbbbbbbbbbbbbbbbb]" time="0.000" /><testcase classname="tests.stage5c2gR32A1.test_authorization_interface" name="test_each_invalid_receipt_fixture_fails_closed[receipt_id-not-a-uuid]" time="0.000" /><testcase classname="tests.stage5c2gR32A1.test_authorization_interface" name="test_each_invalid_receipt_fixture_fails_closed[runner_sha256-bbbbbbbbbbbbbbbbbbbbbbbbbbbbbbbbbbbbbbbbbbbbbbbbbbbbbbbbbbbbbbbb]" time="0.000" /><testcase classname="tests.stage5c2gR32A1.test_authorization_interface" name="test_each_invalid_receipt_fixture_fails_closed[runtime_tree_sha256-bbbbbbbbbbbbbbbbbbbbbbbbbbbbbbbbbbbbbbbbbbbbbbbbbbbbbbbbbbbbbbbb]" time="0.000" /><testcase classname="tests.stage5c2gR32A1.test_authorization_interface" name="test_each_invalid_receipt_fixture_fails_closed[schema_version-haxs.stage5c2gR32.authorization.v1]" time="0.000" /><testcase classname="tests.stage5c2gR32A1.test_authorization_interface" name="test_each_invalid_receipt_fixture_fails_closed[test_ledger_sha256-bbbbbbbbbbbbbbbbbbbbbbbbbbbbbbbbbbbbbbbbbbbbbbbbbbbbbbbbbbbbbbbb]" time="0.000" /><testcase classname="tests.stage5c2gR32A1.test_authorization_interface" name="test_each_invalid_receipt_fixture_fails_closed[two_host_g0_sha256-bbbbbbbbbbbbbbbbbbbbbbbbbbbbbbbbbbbbbbbbbbbbbbbbbbbbbbbbbbbbbbbb]" time="0.000" /><testcase classname="tests.stage5c2gR32A1.test_authorization_interface" name="test_each_invalid_receipt_fixture_fails_closed[unit_registry_sha256-bbbbbbbbbbbbbbbbbbbbbbbbbbbbbbbbbbbbbbbbbbbbbbbbbbbbbbbbbbbbbbbb]" time="0.000" /><testcase classname="tests.stage5c2gR32A1.test_authorization_interface" name="test_each_invalid_receipt_fixture_fails_closed[wheel_sha256-bbbbbbbbbbbbbbbbbbbbbbbbbbbbbbbbbbbbbbbbbbbbbbbbbbbbbbbbbbbbbbbb]" time="0.000" /><testcase classname="tests.stage5c2gR32A1.test_authorization_interface" name="test_exact_key_valid_current_stage_receipt_is_accepted" time="0.000" /><testcase classname="tests.stage5c2gR32A1.test_authorization_interface" name="test_malformed_duplicate_and_symlink_receipts_fail_closed" time="0.001" /><testcase classname="tests.stage5c2gR32A1.test_authorization_interface" name="test_missing_and_additional_receipt_keys_fail_closed" time="0.000" /><testcase classname="tests.stage5c2gR32A1.test_authorization_interface" name="test_predecessor_finalizer_and_launcher_are_not_current_stage_routes" time="0.000" /><testcase classname="tests.stage5c2gR32A1.test_authorization_interface" name="test_receipt_replay_against_another_candidate_fails_closed" time="0.000" /><testcase classname="tests.stage5c2gR32A1.test_authorization_interface" name="test_runtime_root_contracts_and_custody_are_self_contained" time="0.055" /><testcase classname="tests.stage5c2gR32A1.test_authorization_interface" name="test_strict_root_extra_hook_fails_closed" time="0.001" /><testcase classname="tests.stage5c2gR32A1.test_authorization_interface" name="test_strict_root_missing_required_entry_fails_closed" time="0.001" /><testcase classname="tests.stage5c2gR32A1.test_authorization_interface" name="test_strict_root_symlink_fails_closed" time="0.001" /><testcase classname="tests.stage5c2gR32A1.test_authorization_interface" name="test_strict_root_unlisted_nested_executable_fails_closed" time="0.002" /><testcase classname="tests.stage5c2gR32A1.test_authorization_interface" name="test_strict_root_valid_fixture_is_accepted" time="0.001" /><testcase classname="tests.stage5c2gR32A1.test_authorization_interface" name="test_unsafe_archive_entries_fail_closed[entries0]" time="0.001" /><testcase classname="tests.stage5c2gR32A1.test_authorization_interface" name="test_unsafe_archive_entries_fail_closed[entries1]" time="0.001" /><testcase classname="tests.stage5c2gR32A1.test_authorization_interface" name="test_unsafe_archive_entries_fail_closed[entries2]" time="0.001" /><testcase classname="tests.stage5c2gR32A1.test_authorization_interface" name="test_unsafe_archive_entries_fail_closed[entries3]" time="0.001" /><testcase classname="tests.stage5c2gR32A1.test_authorization_interface" name="test_unsafe_archive_entries_fail_closed[entries4]" time="0.001" /><testcase classname="tests.stage5c2gR32A1.test_single_attempt_state" name="test_multiprocess_race_allows_exactly_one_attempt" time="0.526" /><testcase classname="tests.stage5c2gR32A1.test_single_attempt_state" name="test_stale_or_mutated_running_state_cannot_be_terminalized" time="0.003" /><testcase classname="tests.stage5c2gR32A1.test_single_attempt_state" name="test_terminal_state_is_immutable_and_second_attempt_is_rejected" time="0.003" /><testcase classname="tests.stage5c2gR32A2.test_authorization_hardening" name="test_fixed_invalid_receipts_fail_closed[authorized_scope-G1_G2]" time="0.000" /><testcase classname="tests.stage5c2gR32A2.test_authorization_hardening" name="test_fixed_invalid_receipts_fail_closed[blocked_scopes-value15]" time="0.000" /><testcase classname="tests.stage5c2gR32A2.test_authorization_hardening" name="test_fixed_invalid_receipts_fail_closed[candidate_sha256-bbbbbbbbbbbbbbbbbbbbbbbbbbbbbbbbbbbbbbbbbbbbbbbbbbbbbbbbbbbbbbbb]" time="0.000" /><testcase classname="tests.stage5c2gR32A2.test_authorization_hardening" name="test_fixed_invalid_receipts_fail_closed[decision-REJECT]" time="0.000" /><testcase classname="tests.stage5c2gR32A2.test_authorization_hardening" name="test_fixed_invalid_receipts_fail_closed[environment_sha256-bbbbbbbbbbbbbbbbbbbbbbbbbbbbbbbbbbbbbbbbbbbbbbbbbbbbbbbbbbbbbbbb]" time="0.000" /><testcase classname="tests.stage5c2gR32A2.test_authorization_hardening" name="test_fixed_invalid_receipts_fail_closed[g0_return_sha256-bbbbbbbbbbbbbbbbbbbbbbbbbbbbbbbbbbbbbbbbbbbbbbbbbbbbbbbbbbbbbbbb]" time="0.000" /><testcase classname="tests.stage5c2gR32A2.test_authorization_hardening" name="test_fixed_invalid_receipts_fail_closed[g1_config_sha256-bbbbbbbbbbbbbbbbbbbbbbbbbbbbbbbbbbbbbbbbbbbbbbbbbbbbbbbbbbbbbbbb]" time="0.000" /><testcase classname="tests.stage5c2gR32A2.test_authorization_hardening" name="test_fixed_invalid_receipts_fail_closed[g1_plan_sha256-bbbbbbbbbbbbbbbbbbbbbbbbbbbbbbbbbbbbbbbbbbbbbbbbbbbbbbbbbbbbbbbb]" time="0.000" /><testcase classname="tests.stage5c2gR32A2.test_authorization_hardening" name="test_fixed_invalid_receipts_fail_closed[issued_at_utc-2026-08-03T10:00:00]" time="0.000" /><testcase classname="tests.stage5c2gR32A2.test_authorization_hardening" name="test_fixed_invalid_receipts_fail_closed[issuer-value18]" time="0.000" /><testcase classname="tests.stage5c2gR32A2.test_authorization_hardening" name="test_fixed_invalid_receipts_fail_closed[issuer-value19]" time="0.000" /><testcase classname="tests.stage5c2gR32A2.test_authorization_hardening" name="test_fixed_invalid_receipts_fail_closed[protocol_archive_sha256-bbbbbbbbbbbbbbbbbbbbbbbbbbbbbbbbbbbbbbbbbbbbbbbbbbbbbbbbbbbbbbbb]" time="0.000" /><testcase classname="tests.stage5c2gR32A2.test_authorization_hardening" name="test_fixed_invalid_receipts_fail_closed[receipt_id-not-a-uuid]" time="0.000" /><testcase classname="tests.stage5c2gR32A2.test_authorization_hardening" name="test_fixed_invalid_receipts_fail_closed[runner_sha256-bbbbbbbbbbbbbbbbbbbbbbbbbbbbbbbbbbbbbbbbbbbbbbbbbbbbbbbbbbbbbbbb]" time="0.000" /><testcase classname="tests.stage5c2gR32A2.test_authorization_hardening" name="test_fixed_invalid_receipts_fail_closed[runtime_tree_sha256-bbbbbbbbbbbbbbbbbbbbbbbbbbbbbbbbbbbbbbbbbbbbbbbbbbbbbbbbbbbbbbbb]" time="0.000" /><testcase classname="tests.stage5c2gR32A2.test_authorization_hardening" name="test_fixed_invalid_receipts_fail_closed[schema_version-haxs.stage5c2gR32A1.authorization.v1]" time="0.000" /><testcase classname="tests.stage5c2gR32A2.test_authorization_hardening" name="test_fixed_invalid_receipts_fail_closed[test_ledger_sha256-bbbbbbbbbbbbbbbbbbbbbbbbbbbbbbbbbbbbbbbbbbbbbbbbbbbbbbbbbbbbbbbb]" time="0.000" /><testcase classname="tests.stage5c2gR32A2.test_authorization_hardening" name="test_fixed_invalid_receipts_fail_closed[two_host_g0_sha256-bbbbbbbbbbbbbbbbbbbbbbbbbbbbbbbbbbbbbbbbbbbbbbbbbbbbbbbbbbbbbbbb]" time="0.000" /><testcase classname="tests.stage5c2gR32A2.test_authorization_hardening" name="test_fixed_invalid_receipts_fail_closed[unit_registry_sha256-bbbbbbbbbbbbbbbbbbbbbbbbbbbbbbbbbbbbbbbbbbbbbbbbbbbbbbbbbbbbbbbb]" time="0.000" /><testcase classname="tests.stage5c2gR32A2.test_authorization_hardening" name="test_fixed_invalid_receipts_fail_closed[wheel_sha256-bbbbbbbbbbbbbbbbbbbbbbbbbbbbbbbbbbbbbbbbbbbbbbbbbbbbbbbbbbbbbbbb]" time="0.000" /><testcase classname="tests.stage5c2gR32A2.test_authorization_hardening" name="test_fixture_ledger_contains_at_least_twenty_fixed_invalid_cases" time="0.000" /><testcase classname="tests.stage5c2gR32A2.test_authorization_hardening" name="test_import_channels_are_rejected_when_unlisted[conftest.py]" time="0.000" /><testcase classname="tests.stage5c2gR32A2.test_authorization_hardening" name="test_import_channels_are_rejected_when_unlisted[native/injected.so]" time="0.000" /><testcase classname="tests.stage5c2gR32A2.test_authorization_hardening" name="test_import_channels_are_rejected_when_unlisted[payload.zip]" time="0.000" /><testcase classname="tests.stage5c2gR32A2.test_authorization_hardening" name="test_import_channels_are_rejected_when_unlisted[scripts/yaml.pyc]" time="0.000" /><testcase classname="tests.stage5c2gR32A2.test_authorization_hardening" name="test_import_channels_are_rejected_when_unlisted[site/injected.pth]" time="0.000" /><testcase classname="tests.stage5c2gR32A2.test_authorization_hardening" name="test_import_channels_are_rejected_when_unlisted[sitecustomize.py]" time="0.000" /><testcase classname="tests.stage5c2gR32A2.test_authorization_hardening" name="test_import_channels_are_rejected_when_unlisted[usercustomize.py]" time="0.000" /><testcase classname="tests.stage5c2gR32A2.test_authorization_hardening" name="test_installed_wheel_payload_identity_ignores_only_absolute_source_url" time="0.009" /><testcase classname="tests.stage5c2gR32A2.test_authorization_hardening" name="test_invalid_primary_host_evidence_cannot_be_hidden_by_a_forged_comparator[altered_environment]" time="0.005" /><testcase classname="tests.stage5c2gR32A2.test_authorization_hardening" name="test_invalid_primary_host_evidence_cannot_be_hidden_by_a_forged_comparator[altered_ledger]" time="0.006" /><testcase classname="tests.stage5c2gR32A2.test_authorization_hardening" name="test_invalid_primary_host_evidence_cannot_be_hidden_by_a_forged_comparator[altered_runtime]" time="0.004" /><testcase classname="tests.stage5c2gR32A2.test_authorization_hardening" name="test_invalid_primary_host_evidence_cannot_be_hidden_by_a_forged_comparator[altered_targeted_junit]" time="0.004" /><testcase classname="tests.stage5c2gR32A2.test_authorization_hardening" name="test_invalid_primary_host_evidence_cannot_be_hidden_by_a_forged_comparator[equal_physical]" time="0.005" /><testcase classname="tests.stage5c2gR32A2.test_authorization_hardening" name="test_invalid_primary_host_evidence_cannot_be_hidden_by_a_forged_comparator[g1_authorized]" time="0.004" /><testcase classname="tests.stage5c2gR32A2.test_authorization_hardening" name="test_invalid_primary_host_evidence_cannot_be_hidden_by_a_forged_comparator[missing_full_junit]" time="0.004" /><testcase classname="tests.stage5c2gR32A2.test_authorization_hardening" name="test_invalid_primary_host_evidence_cannot_be_hidden_by_a_forged_comparator[missing_ledger]" time="0.004" /><testcase classname="tests.stage5c2gR32A2.test_authorization_hardening" name="test_invalid_primary_host_evidence_cannot_be_hidden_by_a_forged_comparator[missing_transcript]" time="0.004" /><testcase classname="tests.stage5c2gR32A2.test_authorization_hardening" name="test_invalid_primary_host_evidence_cannot_be_hidden_by_a_forged_comparator[prior_authorization]" time="0.003" /><testcase classname="tests.stage5c2gR32A2.test_authorization_hardening" name="test_invalid_primary_host_evidence_cannot_be_hidden_by_a_forged_comparator[scientific_execution]" time="0.004" /><testcase classname="tests.stage5c2gR32A2.test_authorization_hardening" name="test_invalid_primary_host_evidence_cannot_be_hidden_by_a_forged_comparator[wrong_candidate]" time="0.003" /><testcase classname="tests.stage5c2gR32A2.test_authorization_hardening" name="test_official_g0_enforces_read_only_root_and_nested_bytecode_is_disabled" time="0.000" /><testcase classname="tests.stage5c2gR32A2.test_authorization_hardening" name="test_retained_full_suite_compatibility_artifacts_are_candidate_bound" time="0.001" /><testcase classname="tests.stage5c2gR32A2.test_authorization_hardening" name="test_setup_failure_does_not_reserve_scientific_attempt[wheel_install_failure]" time="0.001" /><testcase classname="tests.stage5c2gR32A2.test_authorization_hardening" name="test_setup_failure_does_not_reserve_scientific_attempt[wrong_dependency]" time="0.001" /><testcase classname="tests.stage5c2gR32A2.test_authorization_hardening" name="test_setup_failure_does_not_reserve_scientific_attempt[wrong_python]" time="0.001" /><testcase classname="tests.stage5c2gR32A2.test_authorization_hardening" name="test_setup_failure_does_not_reserve_scientific_attempt[wrong_shared_library]" time="0.001" /><testcase classname="tests.stage5c2gR32A2.test_authorization_hardening" name="test_valid_complete_g0_fixture_only_dry_runs_and_creates_no_authorization" time="0.010" /><testcase classname="tests.stage5c2gR32A2.test_authorization_hardening" name="test_valid_golden_receipt_schema_is_accepted" time="0.000" /><testcase classname="tests.stage5c2gR32A2.test_authorization_hardening" name="test_valid_primary_host_evidence_is_recomputed" time="0.004" /><testcase classname="tests.stage5c2gR32A3.test_authorization_closure" name="test_acceptance_contract_contains_three_supervisory_golden_negatives" time="0.000" /><testcase classname="tests.stage5c2gR32A3.test_authorization_closure" name="test_current_candidate_is_explicitly_superseded_and_never_receipt_eligible" time="0.000" /><testcase classname="tests.stage5c2gR32A3.test_junit_semantics" name="test_exact_ordered_junit_ledger_is_accepted" time="0.001" /><testcase classname="tests.stage5c2gR32A3.test_junit_semantics" name="test_nonpassing_testcase_fails_closed[error]" time="0.001" /><testcase classname="tests.stage5c2gR32A3.test_junit_semantics" name="test_nonpassing_testcase_fails_closed[failure]" time="0.001" /><testcase classname="tests.stage5c2gR32A3.test_junit_semantics" name="test_nonpassing_testcase_fails_closed[skipped]" time="0.001" /><testcase classname="tests.stage5c2gR32A3.test_junit_semantics" name="test_wrong_identity_order_or_multiplicity_fails_closed[additional]" time="0.001" /><testcase classname="tests.stage5c2gR32A3.test_junit_semantics" name="test_wrong_identity_order_or_multiplicity_fails_closed[duplicate]" time="0.001" /><testcase classname="tests.stage5c2gR32A3.test_junit_semantics" name="test_wrong_identity_order_or_multiplicity_fails_closed[missing]" time="0.001" /><testcase classname="tests.stage5c2gR32A3.test_junit_semantics" name="test_wrong_identity_order_or_multiplicity_fails_closed[reordered]" time="0.001" /><testcase classname="tests.stage5c2gR32A3.test_junit_semantics" name="test_wrong_identity_order_or_multiplicity_fails_closed[unrelated]" time="0.001" /><testcase classname="tests.stage5c2gR32A3.test_protocol_binding" name="test_equal_host_claims_cannot_replace_actual_protocol_equality" time="0.001" /><testcase classname="tests.stage5c2gR32A3.test_protocol_binding" name="test_finalizer_rejects_return_claim_that_differs_from_actual_protocol" time="0.001" /><testcase classname="tests.stage5c2gR32A3.test_protocol_binding" name="test_fresh_unzip_entrypoint_bootstraps_sibling_imports_under_isolation" time="0.066" /><testcase classname="tests.stage5c2gR32A3.test_transcript_semantics" name="test_altered_command_exit_or_count_fails_closed[exit_status-17]" time="0.003" /><testcase classname="tests.stage5c2gR32A3.test_transcript_semantics" name="test_altered_command_exit_or_count_fails_closed[expected_test_count-2]" time="0.002" /><testcase classname="tests.stage5c2gR32A3.test_transcript_semantics" name="test_altered_command_exit_or_count_fails_closed[observed_test_count-0]" time="0.002" /><testcase classname="tests.stage5c2gR32A3.test_transcript_semantics" name="test_altered_command_exit_or_count_fails_closed[python_executable_sha256-bbbbbbbbbbbbbbbbbbbbbbbbbbbbbbbbbbbbbbbbbbbbbbbbbbbbbbbbbbbbbbbb]" time="0.002" /><testcase classname="tests.stage5c2gR32A3.test_transcript_semantics" name="test_altered_command_exit_or_count_fails_closed[status-PASS]" time="0.002" /><testcase classname="tests.stage5c2gR32A3.test_transcript_semantics" name="test_exact_structured_command_record_is_accepted" time="0.001" /><testcase classname="tests.stage5c2gR32A3.test_transcript_semantics" name="test_wrong_argv_and_wrong_junit_binding_fail_closed" time="0.002" /><testcase classname="tests.stage5c2gR32A4.test_adversarial_acceptance_contract" name="test_a3_is_permanently_rejected_for_production_g0" time="0.000" /><testcase classname="tests.stage5c2gR32A4.test_adversarial_acceptance_contract" name="test_a4_acceptance_contract_contains_required_new_failures" time="0.000" /><testcase classname="tests.stage5c2gR32A4.test_complete_return_closure" name="test_complete_return_packager_binds_raw_primary_evidence" time="0.002" /><testcase classname="tests.stage5c2gR32A4.test_complete_return_closure" name="test_complete_return_tampering_fails_before_comparison" time="0.003" /><testcase classname="tests.stage5c2gR32A4.test_complete_return_closure" name="test_current_stage_release_and_return_entrypoints_exist" time="0.000" /><testcase classname="tests.stage5c2gR32A4.test_complete_return_closure" name="test_local_two_host_dry_run_executes_from_fresh_protocol_root" time="0.000" /><testcase classname="tests.stage5c2gR32A4.test_complete_return_closure" name="test_official_finalizer_accepts_zip_objects_only" time="0.001" /><testcase classname="tests.stage5c2gR32A4.test_complete_return_closure" name="test_stale_predecessor_host_package_is_rejected" time="0.001" /><testcase classname="tests.stage5c2gR32A4.test_production_command_roundtrip" name="test_compileall_external_pycache_prefix_is_canonicalized" time="0.001" /><testcase classname="tests.stage5c2gR32A4.test_production_command_roundtrip" name="test_compileall_wrong_pycache_prefix_fails_closed" time="0.001" /><testcase classname="tests.stage5c2gR32A4.test_production_command_roundtrip" name="test_isolated_compileall_writes_only_to_external_pycache" time="0.161" /><testcase classname="tests.stage5c2gR32A4.test_production_command_roundtrip" name="test_junit_target_mutations_fail_closed[duplicate]" time="0.002" /><testcase classname="tests.stage5c2gR32A4.test_production_command_roundtrip" name="test_junit_target_mutations_fail_closed[empty]" time="0.001" /><testcase classname="tests.stage5c2gR32A4.test_production_command_roundtrip" name="test_junit_target_mutations_fail_closed[malformed]" time="0.001" /><testcase classname="tests.stage5c2gR32A4.test_production_command_roundtrip" name="test_junit_target_mutations_fail_closed[missing-output]" time="0.001" /><testcase classname="tests.stage5c2gR32A4.test_production_command_roundtrip" name="test_junit_target_mutations_fail_closed[missing]" time="0.001" /><testcase classname="tests.stage5c2gR32A4.test_production_command_roundtrip" name="test_junit_target_mutations_fail_closed[noncanonical]" time="0.001" /><testcase classname="tests.stage5c2gR32A4.test_production_command_roundtrip" name="test_junit_target_mutations_fail_closed[outside]" time="0.001" /><testcase classname="tests.stage5c2gR32A4.test_production_command_roundtrip" name="test_junit_target_mutations_fail_closed[wrong-root]" time="0.001" /><testcase classname="tests.stage5c2gR32A4.test_production_command_roundtrip" name="test_production_record_remains_verifiable_after_evidence_is_moved" time="1.004" /><testcase classname="tests.stage5c2gR32A4.test_production_command_roundtrip" name="test_production_writer_record_round_trips_under_safe_root" time="0.810" /><testcase classname="tests.stage5c2gR32A4.test_production_command_roundtrip" name="test_relative_argv_target_is_equivalent_to_recorded_relative_path" time="0.002" /><testcase classname="tests.stage5c2gR32A4.test_production_command_roundtrip" name="test_symlinked_junit_target_and_ancestor_fail_closed" time="0.002" /><testcase classname="tests.stage5d.test_stage5d_gate" name="test_stage5d_gate_is_scaffold_only" time="0.000" /><testcase classname="tests.test_conservation" name="test_sz_conservation" time="0.014" /><testcase classname="tests.test_controls" name="test_echo_flip" time="0.000" /><testcase classname="tests.test_controls" name="test_jz_ramp" time="0.000" /><testcase classname="tests.test_dtwa_limits" name="test_mobile_zero_static_limit" time="0.000" /><testcase classname="tests.test_dtwa_limits" name="test_spin_density_zero_holes" time="0.000" /><testcase classname="tests.test_dtwa_limits" name="test_zero_lambda_removes_sd_coupling" time="0.005" /><testcase classname="tests.test_imports_and_report" name="test_imports_cleanly" time="0.002" /><testcase classname="tests.test_imports_config" name="test_config_loading_uses_yaml_shape" time="0.001" /><testcase classname="tests.test_imports_config" name="test_package_imports_cleanly" time="0.000" /><testcase classname="tests.test_lattice" name="test_lattice_neighbor_counts_open" time="0.000" /><testcase classname="tests.test_lattice" name="test_lattice_periodic_chain" time="0.000" /><testcase classname="tests.test_lattice_occupancy" name="test_bernoulli_expected_occupancy_is_reasonable" time="0.001" /><testcase classname="tests.test_lattice_occupancy" name="test_lattice_neighbour_counts_open_boundaries" time="0.000" /><testcase classname="tests.test_lattice_occupancy" name="test_static_vacancy_sampler_count_and_bounds" time="0.001" /><testcase classname="tests.test_mobile_holes" name="test_mobile_hole_count_preserved" time="0.000" /><testcase classname="tests.test_mobile_spin_density_controls" name="test_echo_control_flips_yz_only" time="0.000" /><testcase classname="tests.test_mobile_spin_density_controls" name="test_mobile_hole_engine_preserves_hole_count" time="0.000" /><testcase classname="tests.test_mobile_spin_density_controls" name="test_spin_density_field_zero_limits" time="0.000" /><testcase classname="tests.test_mobile_spin_density_controls" name="test_zero_mobility_equals_static_limit" time="0.000" /><testcase classname="tests.test_observables" name="test_covariance_finite_symmetric" time="0.000" /><testcase classname="tests.test_observables" name="test_css_xi2_one" time="0.000" /><testcase classname="tests.test_observables" name="test_db_conversion" time="0.000" /><testcase classname="tests.test_observables_validation" name="test_covariance_symmetric_and_finite" time="0.000" /><testcase classname="tests.test_observables_validation" name="test_css_squeezing_is_one_at_t0" time="0.000" /><testcase classname="tests.test_observables_validation" name="test_db_conversion_roundtrip" time="0.000" /><testcase classname="tests.test_observables_validation" name="test_sz_conservation_holds" time="0.014" /><testcase classname="tests.test_observables_validation" name="test_two_spin_ed_matches_analytic" time="0.004" /><testcase classname="tests.test_occupancy" name="test_active_bond_count_bounds" time="0.000" /><testcase classname="tests.test_occupancy" name="test_bernoulli_expected_occupancy" time="0.001" /><testcase classname="tests.test_occupancy" name="test_fixed_count" time="0.000" /><testcase classname="tests.test_pipeline_file" name="test_generated_file_has_hash" time="0.004" /><testcase classname="tests.test_reproducibility" name="test_hash_dict_deterministic" time="0.000" /><testcase classname="tests.test_reproducibility" name="test_save_dataframe_config_hash" time="0.002" /><testcase classname="tests.test_reproducibility" name="test_split_no_overlap" time="0.000" /><testcase classname="tests.test_reproducibility_pipeline" name="test_deterministic_dtwa_seed_reproduces" time="0.005" /><testcase classname="tests.test_reproducibility_pipeline" name="test_resource_accounting_bounded" time="0.000" /><testcase classname="tests.test_reproducibility_pipeline" name="test_run_config_writes_config_hash" time="0.006" /><testcase classname="tests.test_reproducibility_pipeline" name="test_train_test_split_has_no_overlap" time="0.000" /><testcase classname="tests.test_resource_accounting" name="test_resource_bounds" time="0.000" /><testcase classname="tests.test_static_vacancy_counts" name="test_static_vacancy_bond_scaling" time="0.002" /><testcase classname="tests.test_two_spin_ed" name="test_ed_curve_columns" time="0.009" /><testcase classname="tests.test_two_spin_ed" name="test_two_spin_analytic" time="0.004" /></testsuite></testsuites>