<?xml version="1.0" encoding="utf-8"?><testsuites><testsuite name="pytest" errors="0" failures="0" skipped="0" tests="108" time="4.292" timestamp="2026-08-04T13:05:22.934771" hostname="Unknown_da:e5:48:24:1d:4f"><testcase classname="tests.stage5c2gR32A2.test_authorization_hardening" name="test_retained_full_suite_compatibility_artifacts_are_candidate_bound" time="0.001" /><testcase classname="tests.stage5c2gR32A2.test_authorization_hardening" name="test_valid_golden_receipt_schema_is_accepted" time="0.001" /><testcase classname="tests.stage5c2gR32A2.test_authorization_hardening" name="test_fixed_invalid_receipts_fail_closed[schema_version-haxs.stage5c2gR32A1.authorization.v1]" time="0.000" /><testcase classname="tests.stage5c2gR32A2.test_authorization_hardening" name="test_fixed_invalid_receipts_fail_closed[decision-REJECT]" time="0.000" /><testcase classname="tests.stage5c2gR32A2.test_authorization_hardening" name="test_fixed_invalid_receipts_fail_closed[candidate_sha256-bbbbbbbbbbbbbbbbbbbbbbbbbbbbbbbbbbbbbbbbbbbbbbbbbbbbbbbbbbbbbbbb]" time="0.000" /><testcase classname="tests.stage5c2gR32A2.test_authorization_hardening" name="test_fixed_invalid_receipts_fail_closed[protocol_archive_sha256-bbbbbbbbbbbbbbbbbbbbbbbbbbbbbbbbbbbbbbbbbbbbbbbbbbbbbbbbbbbbbbbb]" time="0.000" /><testcase classname="tests.stage5c2gR32A2.test_authorization_hardening" name="test_fixed_invalid_receipts_fail_closed[runtime_tree_sha256-bbbbbbbbbbbbbbbbbbbbbbbbbbbbbbbbbbbbbbbbbbbbbbbbbbbbbbbbbbbbbbbb]" time="0.000" /><testcase classname="tests.stage5c2gR32A2.test_authorization_hardening" name="test_fixed_invalid_receipts_fail_closed[wheel_sha256-bbbbbbbbbbbbbbbbbbbbbbbbbbbbbbbbbbbbbbbbbbbbbbbbbbbbbbbbbbbbbbbb]" time="0.000" /><testcase classname="tests.stage5c2gR32A2.test_authorization_hardening" name="test_fixed_invalid_receipts_fail_closed[environment_sha256-bbbbbbbbbbbbbbbbbbbbbbbbbbbbbbbbbbbbbbbbbbbbbbbbbbbbbbbbbbbbbbbb]" time="0.000" /><testcase classname="tests.stage5c2gR32A2.test_authorization_hardening" name="test_fixed_invalid_receipts_fail_closed[g1_config_sha256-bbbbbbbbbbbbbbbbbbbbbbbbbbbbbbbbbbbbbbbbbbbbbbbbbbbbbbbbbbbbbbbb]" time="0.000" /><testcase classname="tests.stage5c2gR32A2.test_authorization_hardening" name="test_fixed_invalid_receipts_fail_closed[g1_plan_sha256-bbbbbbbbbbbbbbbbbbbbbbbbbbbbbbbbbbbbbbbbbbbbbbbbbbbbbbbbbbbbbbbb]" time="0.000" /><testcase classname="tests.stage5c2gR32A2.test_authorization_hardening" name="test_fixed_invalid_receipts_fail_closed[unit_registry_sha256-bbbbbbbbbbbbbbbbbbbbbbbbbbbbbbbbbbbbbbbbbbbbbbbbbbbbbbbbbbbbbbbb]" time="0.000" /><testcase classname="tests.stage5c2gR32A2.test_authorization_hardening" name="test_fixed_invalid_receipts_fail_closed[runner_sha256-bbbbbbbbbbbbbbbbbbbbbbbbbbbbbbbbbbbbbbbbbbbbbbbbbbbbbbbbbbbbbbbb]" time="0.000" /><testcase classname="tests.stage5c2gR32A2.test_authorization_hardening" name="test_fixed_invalid_receipts_fail_closed[test_ledger_sha256-bbbbbbbbbbbbbbbbbbbbbbbbbbbbbbbbbbbbbbbbbbbbbbbbbbbbbbbbbbbbbbbb]" time="0.000" /><testcase classname="tests.stage5c2gR32A2.test_authorization_hardening" name="test_fixed_invalid_receipts_fail_closed[g0_return_sha256-bbbbbbbbbbbbbbbbbbbbbbbbbbbbbbbbbbbbbbbbbbbbbbbbbbbbbbbbbbbbbbbb]" time="0.000" /><testcase classname="tests.stage5c2gR32A2.test_authorization_hardening" name="test_fixed_invalid_receipts_fail_closed[two_host_g0_sha256-bbbbbbbbbbbbbbbbbbbbbbbbbbbbbbbbbbbbbbbbbbbbbbbbbbbbbbbbbbbbbbbb]" time="0.000" /><testcase classname="tests.stage5c2gR32A2.test_authorization_hardening" name="test_fixed_invalid_receipts_fail_closed[authorized_scope-G1_G2]" time="0.000" /><testcase classname="tests.stage5c2gR32A2.test_authorization_hardening" name="test_fixed_invalid_receipts_fail_closed[blocked_scopes-value15]" time="0.000" /><testcase classname="tests.stage5c2gR32A2.test_authorization_hardening" name="test_fixed_invalid_receipts_fail_closed[receipt_id-not-a-uuid]" time="0.000" /><testcase classname="tests.stage5c2gR32A2.test_authorization_hardening" name="test_fixed_invalid_receipts_fail_closed[issued_at_utc-2026-08-03T10:00:00]" time="0.000" /><testcase classname="tests.stage5c2gR32A2.test_authorization_hardening" name="test_fixed_invalid_receipts_fail_closed[issuer-value18]" time="0.000" /><testcase classname="tests.stage5c2gR32A2.test_authorization_hardening" name="test_fixed_invalid_receipts_fail_closed[issuer-value19]" time="0.000" /><testcase classname="tests.stage5c2gR32A2.test_authorization_hardening" name="test_valid_primary_host_evidence_is_recomputed" time="0.013" /><testcase classname="tests.stage5c2gR32A2.test_authorization_hardening" name="test_valid_complete_g0_fixture_only_dry_runs_and_creates_no_authorization" time="0.011" /><testcase classname="tests.stage5c2gR32A2.test_authorization_hardening" name="test_invalid_primary_host_evidence_cannot_be_hidden_by_a_forged_comparator[altered_runtime]" time="0.004" /><testcase classname="tests.stage5c2gR32A2.test_authorization_hardening" name="test_invalid_primary_host_evidence_cannot_be_hidden_by_a_forged_comparator[altered_environment]" time="0.004" /><testcase classname="tests.stage5c2gR32A2.test_authorization_hardening" name="test_invalid_primary_host_evidence_cannot_be_hidden_by_a_forged_comparator[equal_physical]" time="0.004" /><testcase classname="tests.stage5c2gR32A2.test_authorization_hardening" name="test_invalid_primary_host_evidence_cannot_be_hidden_by_a_forged_comparator[missing_full_junit]" time="0.004" /><testcase classname="tests.stage5c2gR32A2.test_authorization_hardening" name="test_invalid_primary_host_evidence_cannot_be_hidden_by_a_forged_comparator[altered_targeted_junit]" time="0.004" /><testcase classname="tests.stage5c2gR32A2.test_authorization_hardening" name="test_invalid_primary_host_evidence_cannot_be_hidden_by_a_forged_comparator[missing_ledger]" time="0.004" /><testcase classname="tests.stage5c2gR32A2.test_authorization_hardening" name="test_invalid_primary_host_evidence_cannot_be_hidden_by_a_forged_comparator[altered_ledger]" time="0.004" /><testcase classname="tests.stage5c2gR32A2.test_authorization_hardening" name="test_invalid_primary_host_evidence_cannot_be_hidden_by_a_forged_comparator[missing_transcript]" time="0.004" /><testcase classname="tests.stage5c2gR32A2.test_authorization_hardening" name="test_invalid_primary_host_evidence_cannot_be_hidden_by_a_forged_comparator[wrong_candidate]" time="0.004" /><testcase classname="tests.stage5c2gR32A2.test_authorization_hardening" name="test_invalid_primary_host_evidence_cannot_be_hidden_by_a_forged_comparator[scientific_execution]" time="0.004" /><testcase classname="tests.stage5c2gR32A2.test_authorization_hardening" name="test_invalid_primary_host_evidence_cannot_be_hidden_by_a_forged_comparator[g1_authorized]" time="0.004" /><testcase classname="tests.stage5c2gR32A2.test_authorization_hardening" name="test_invalid_primary_host_evidence_cannot_be_hidden_by_a_forged_comparator[prior_authorization]" time="0.004" /><testcase classname="tests.stage5c2gR32A2.test_authorization_hardening" name="test_import_channels_are_rejected_when_unlisted[scripts/yaml.pyc]" time="0.000" /><testcase classname="tests.stage5c2gR32A2.test_authorization_hardening" name="test_import_channels_are_rejected_when_unlisted[site/injected.pth]" time="0.000" /><testcase classname="tests.stage5c2gR32A2.test_authorization_hardening" name="test_import_channels_are_rejected_when_unlisted[payload.zip]" time="0.000" /><testcase classname="tests.stage5c2gR32A2.test_authorization_hardening" name="test_import_channels_are_rejected_when_unlisted[native/injected.so]" time="0.000" /><testcase classname="tests.stage5c2gR32A2.test_authorization_hardening" name="test_import_channels_are_rejected_when_unlisted[conftest.py]" time="0.000" /><testcase classname="tests.stage5c2gR32A2.test_authorization_hardening" name="test_import_channels_are_rejected_when_unlisted[sitecustomize.py]" time="0.000" /><testcase classname="tests.stage5c2gR32A2.test_authorization_hardening" name="test_import_channels_are_rejected_when_unlisted[usercustomize.py]" time="0.000" /><testcase classname="tests.stage5c2gR32A2.test_authorization_hardening" name="test_setup_failure_does_not_reserve_scientific_attempt[wrong_python]" time="0.002" /><testcase classname="tests.stage5c2gR32A2.test_authorization_hardening" name="test_setup_failure_does_not_reserve_scientific_attempt[wrong_dependency]" time="0.001" /><testcase classname="tests.stage5c2gR32A2.test_authorization_hardening" name="test_setup_failure_does_not_reserve_scientific_attempt[wrong_shared_library]" time="0.001" /><testcase classname="tests.stage5c2gR32A2.test_authorization_hardening" name="test_setup_failure_does_not_reserve_scientific_attempt[wheel_install_failure]" time="0.001" /><testcase classname="tests.stage5c2gR32A2.test_authorization_hardening" name="test_fixture_ledger_contains_at_least_twenty_fixed_invalid_cases" time="0.000" /><testcase classname="tests.stage5c2gR32A2.test_authorization_hardening" name="test_installed_wheel_payload_identity_ignores_only_absolute_source_url" time="0.010" /><testcase classname="tests.stage5c2gR32A1.test_authorization_interface" name="test_exact_key_valid_current_stage_receipt_is_accepted" time="0.000" /><testcase classname="tests.stage5c2gR32A1.test_authorization_interface" name="test_each_invalid_receipt_fixture_fails_closed[schema_version-haxs.stage5c2gR32.authorization.v1]" time="0.000" /><testcase classname="tests.stage5c2gR32A1.test_authorization_interface" name="test_each_invalid_receipt_fixture_fails_closed[decision-REJECT]" time="0.000" /><testcase classname="tests.stage5c2gR32A1.test_authorization_interface" name="test_each_invalid_receipt_fixture_fails_closed[candidate_sha256-bbbbbbbbbbbbbbbbbbbbbbbbbbbbbbbbbbbbbbbbbbbbbbbbbbbbbbbbbbbbbbbb]" time="0.000" /><testcase classname="tests.stage5c2gR32A1.test_authorization_interface" name="test_each_invalid_receipt_fixture_fails_closed[protocol_archive_sha256-bbbbbbbbbbbbbbbbbbbbbbbbbbbbbbbbbbbbbbbbbbbbbbbbbbbbbbbbbbbbbbbb]" time="0.000" /><testcase classname="tests.stage5c2gR32A1.test_authorization_interface" name="test_each_invalid_receipt_fixture_fails_closed[runtime_tree_sha256-bbbbbbbbbbbbbbbbbbbbbbbbbbbbbbbbbbbbbbbbbbbbbbbbbbbbbbbbbbbbbbbb]" time="0.000" /><testcase classname="tests.stage5c2gR32A1.test_authorization_interface" name="test_each_invalid_receipt_fixture_fails_closed[wheel_sha256-bbbbbbbbbbbbbbbbbbbbbbbbbbbbbbbbbbbbbbbbbbbbbbbbbbbbbbbbbbbbbbbb]" time="0.000" /><testcase classname="tests.stage5c2gR32A1.test_authorization_interface" name="test_each_invalid_receipt_fixture_fails_closed[environment_sha256-bbbbbbbbbbbbbbbbbbbbbbbbbbbbbbbbbbbbbbbbbbbbbbbbbbbbbbbbbbbbbbbb]" time="0.000" /><testcase classname="tests.stage5c2gR32A1.test_authorization_interface" name="test_each_invalid_receipt_fixture_fails_closed[g1_config_sha256-bbbbbbbbbbbbbbbbbbbbbbbbbbbbbbbbbbbbbbbbbbbbbbbbbbbbbbbbbbbbbbbb]" time="0.000" /><testcase classname="tests.stage5c2gR32A1.test_authorization_interface" name="test_each_invalid_receipt_fixture_fails_closed[g1_plan_sha256-bbbbbbbbbbbbbbbbbbbbbbbbbbbbbbbbbbbbbbbbbbbbbbbbbbbbbbbbbbbbbbbb]" time="0.000" /><testcase classname="tests.stage5c2gR32A1.test_authorization_interface" name="test_each_invalid_receipt_fixture_fails_closed[unit_registry_sha256-bbbbbbbbbbbbbbbbbbbbbbbbbbbbbbbbbbbbbbbbbbbbbbbbbbbbbbbbbbbbbbbb]" time="0.000" /><testcase classname="tests.stage5c2gR32A1.test_authorization_interface" name="test_each_invalid_receipt_fixture_fails_closed[runner_sha256-bbbbbbbbbbbbbbbbbbbbbbbbbbbbbbbbbbbbbbbbbbbbbbbbbbbbbbbbbbbbbbbb]" time="0.000" /><testcase classname="tests.stage5c2gR32A1.test_authorization_interface" name="test_each_invalid_receipt_fixture_fails_closed[test_ledger_sha256-bbbbbbbbbbbbbbbbbbbbbbbbbbbbbbbbbbbbbbbbbbbbbbbbbbbbbbbbbbbbbbbb]" time="0.000" /><testcase classname="tests.stage5c2gR32A1.test_authorization_interface" name="test_each_invalid_receipt_fixture_fails_closed[two_host_g0_sha256-bbbbbbbbbbbbbbbbbbbbbbbbbbbbbbbbbbbbbbbbbbbbbbbbbbbbbbbbbbbbbbbb]" time="0.000" /><testcase classname="tests.stage5c2gR32A1.test_authorization_interface" name="test_each_invalid_receipt_fixture_fails_closed[authorized_scope-G1_G2]" time="0.000" /><testcase classname="tests.stage5c2gR32A1.test_authorization_interface" name="test_each_invalid_receipt_fixture_fails_closed[blocked_scopes-value14]" time="0.000" /><testcase classname="tests.stage5c2gR32A1.test_authorization_interface" name="test_each_invalid_receipt_fixture_fails_closed[receipt_id-not-a-uuid]" time="0.000" /><testcase classname="tests.stage5c2gR32A1.test_authorization_interface" name="test_each_invalid_receipt_fixture_fails_closed[issued_at_utc-2026-07-30T12:00:00]" time="0.000" /><testcase classname="tests.stage5c2gR32A1.test_authorization_interface" name="test_each_invalid_receipt_fixture_fails_closed[issuer-value17]" time="0.000" /><testcase classname="tests.stage5c2gR32A1.test_authorization_interface" name="test_each_invalid_receipt_fixture_fails_closed[issuer-value18]" time="0.000" /><testcase classname="tests.stage5c2gR32A1.test_authorization_interface" name="test_missing_and_additional_receipt_keys_fail_closed" time="0.000" /><testcase classname="tests.stage5c2gR32A1.test_authorization_interface" name="test_receipt_replay_against_another_candidate_fails_closed" time="0.000" /><testcase classname="tests.stage5c2gR32A1.test_authorization_interface" name="test_malformed_duplicate_and_symlink_receipts_fail_closed" time="0.001" /><testcase classname="tests.stage5c2gR32A1.test_authorization_interface" name="test_runtime_root_contracts_and_custody_are_self_contained" time="0.066" /><testcase classname="tests.stage5c2gR32A1.test_authorization_interface" name="test_unsafe_archive_entries_fail_closed[entries0]" time="0.001" /><testcase classname="tests.stage5c2gR32A1.test_authorization_interface" name="test_unsafe_archive_entries_fail_closed[entries1]" time="0.001" /><testcase classname="tests.stage5c2gR32A1.test_authorization_interface" name="test_unsafe_archive_entries_fail_closed[entries2]" time="0.001" /><testcase classname="tests.stage5c2gR32A1.test_authorization_interface" name="test_unsafe_archive_entries_fail_closed[entries3]" time="0.001" /><testcase classname="tests.stage5c2gR32A1.test_authorization_interface" name="test_unsafe_archive_entries_fail_closed[entries4]" time="0.001" /><testcase classname="tests.stage5c2gR32A1.test_authorization_interface" name="test_predecessor_finalizer_and_launcher_are_not_current_stage_routes" time="0.000" /><testcase classname="tests.stage5c2gR32A1.test_authorization_interface" name="test_strict_root_valid_fixture_is_accepted" time="0.001" /><testcase classname="tests.stage5c2gR32A1.test_authorization_interface" name="test_strict_root_extra_hook_fails_closed" time="0.001" /><testcase classname="tests.stage5c2gR32A1.test_authorization_interface" name="test_strict_root_missing_required_entry_fails_closed" time="0.001" /><testcase classname="tests.stage5c2gR32A1.test_authorization_interface" name="test_strict_root_unlisted_nested_executable_fails_closed" time="0.002" /><testcase classname="tests.stage5c2gR32A1.test_authorization_interface" name="test_strict_root_symlink_fails_closed" time="0.001" /><testcase classname="tests.stage5c2gR32A1.test_single_attempt_state" name="test_multiprocess_race_allows_exactly_one_attempt" time="1.218" /><testcase classname="tests.stage5c2gR32A1.test_single_attempt_state" name="test_terminal_state_is_immutable_and_second_attempt_is_rejected" time="0.003" /><testcase classname="tests.stage5c2gR32A1.test_single_attempt_state" name="test_stale_or_mutated_running_state_cannot_be_terminalized" time="0.002" /><testcase classname="tests.stage5c2gR32A.test_stage5c2gR32A_calibration" name="test_analytic_normal_power_matches_closed_form_fixture" time="0.001" /><testcase classname="tests.stage5c2gR32A.test_stage5c2gR32A_calibration" name="test_simulated_alternative_is_random_and_matches_analytic_power" time="0.005" /><testcase classname="tests.stage5c2gR32A.test_stage5c2gR32A_calibration" name="test_power_zero_and_one_hundred_percent_edges" time="0.000" /><testcase classname="tests.stage5c2gR32A.test_stage5c2gR32A_calibration" name="test_all_four_unit_registry_and_missing_or_duplicate_fail_closed" time="0.008" /><testcase classname="tests.stage5c2gR32A.test_stage5c2gR32A_calibration" name="test_global_family_is_stricter_than_each_case_family" time="0.000" /><testcase classname="tests.stage5c2gR32A.test_stage5c2gR32A_calibration" name="test_development_and_validation_seed_namespaces_do_not_collide" time="0.005" /><testcase classname="tests.stage5c2gR32A.test_stage5c2gR32A_calibration" name="test_frozen_validation_rule_exactly_matches_development_rule" time="0.031" /><testcase classname="tests.stage5c2gR32A.test_stage5c2gR32A_calibration" name="test_iid_sampling_retains_random_alternative_variability" time="0.012" /><testcase classname="tests.stage5c2gR32A.test_stage5c2gR32A_calibration" name="test_population_missing_duplicate_or_invalid_cells_fail_closed" time="0.275" /><testcase classname="tests.stage5c2gR32A.test_stage5c2gR32A_calibration" name="test_r32_failure_is_declared_immutable_and_not_a_rule_source" time="0.002" /><testcase classname="tests.regression.test_dtwa_validation_repair" name="test_css_phase_point_shell_is_not_forced_to_half" time="0.000" /><testcase classname="tests.regression.test_dtwa_validation_repair" name="test_no_first_step_spin_length_collapse_no_holes" time="0.004" /><testcase classname="tests.regression.test_dtwa_validation_repair" name="test_css_squeezing_near_zero_db_at_t0" time="0.002" /><testcase classname="tests.regression.test_stage4b_decision_integrity" name="test_shape_column_is_not_pandas_shape_tuple" time="0.001" /><testcase classname="tests.regression.test_stage4b_decision_integrity" name="test_nested_trajectory_count_matches_decision_source" time="0.001" /><testcase classname="tests.regression.test_stage4b_decision_integrity" name="test_saved_shape_table_preserves_shape_column" time="0.005" /><testcase classname="tests.regression.test_stage4f_decision_language" name="test_stage4f_decision_never_allows_publication_claim_directly" time="0.000" /><testcase classname="tests.regression.test_stage5aR_repair_integrity" name="test_stage5aR_no_publication_claim_in_decision_script" time="0.000" /><testcase classname="tests.regression.test_stage5aR_repair_integrity" name="test_stage5aR_runbook_names_full_high_trajectory_gate" time="0.001" /><testcase classname="tests.regression.test_stage5b0_gate_semantics" name="test_stage5b0_block_fails_when_trajectory_fraction_high" time="0.000" /><testcase classname="tests.regression.test_stage5b0_gate_semantics" name="test_stage5b0_block_passes_when_all_gates_pass" time="0.001" /></testsuite></testsuites>