<?xml version="1.0" encoding="utf-8"?><testsuites><testsuite name="pytest" errors="0" failures="0" skipped="0" tests="169" time="3.600" timestamp="2026-09-01T13:29:40.365235" hostname="iad20-eo1213-c8b4a365-540c-4415-a15d-480acb545a9e-D2E4C01D69CB.local"><testcase classname="tests.regression.test_dtwa_validation_repair" name="test_css_phase_point_shell_is_not_forced_to_half" time="0.001" /><testcase classname="tests.regression.test_dtwa_validation_repair" name="test_css_squeezing_near_zero_db_at_t0" time="0.003" /><testcase classname="tests.regression.test_dtwa_validation_repair" name="test_no_first_step_spin_length_collapse_no_holes" time="0.003" /><testcase classname="tests.regression.test_stage4b_decision_integrity" name="test_nested_trajectory_count_matches_decision_source" time="0.001" /><testcase classname="tests.regression.test_stage4b_decision_integrity" name="test_saved_shape_table_preserves_shape_column" time="0.021" /><testcase classname="tests.regression.test_stage4b_decision_integrity" name="test_shape_column_is_not_pandas_shape_tuple" time="0.001" /><testcase classname="tests.regression.test_stage4f_decision_language" name="test_stage4f_decision_never_allows_publication_claim_directly" time="0.000" /><testcase classname="tests.regression.test_stage5aR_repair_integrity" name="test_stage5aR_no_publication_claim_in_decision_script" time="0.000" /><testcase classname="tests.regression.test_stage5aR_repair_integrity" name="test_stage5aR_runbook_names_full_high_trajectory_gate" time="0.001" /><testcase classname="tests.regression.test_stage5b0_gate_semantics" name="test_stage5b0_block_fails_when_trajectory_fraction_high" time="0.000" /><testcase classname="tests.regression.test_stage5b0_gate_semantics" name="test_stage5b0_block_passes_when_all_gates_pass" time="0.000" /><testcase classname="tests.stage5c2gR32A.test_stage5c2gR32A_calibration" name="test_all_four_unit_registry_and_missing_or_duplicate_fail_closed" time="0.003" /><testcase classname="tests.stage5c2gR32A.test_stage5c2gR32A_calibration" name="test_analytic_normal_power_matches_closed_form_fixture" time="0.000" /><testcase classname="tests.stage5c2gR32A.test_stage5c2gR32A_calibration" name="test_development_and_validation_seed_namespaces_do_not_collide" time="0.003" /><testcase classname="tests.stage5c2gR32A.test_stage5c2gR32A_calibration" name="test_frozen_validation_rule_exactly_matches_development_rule" time="0.003" /><testcase classname="tests.stage5c2gR32A.test_stage5c2gR32A_calibration" name="test_global_family_is_stricter_than_each_case_family" time="0.000" /><testcase classname="tests.stage5c2gR32A.test_stage5c2gR32A_calibration" name="test_iid_sampling_retains_random_alternative_variability" time="0.009" /><testcase classname="tests.stage5c2gR32A.test_stage5c2gR32A_calibration" name="test_population_missing_duplicate_or_invalid_cells_fail_closed" time="0.286" /><testcase classname="tests.stage5c2gR32A.test_stage5c2gR32A_calibration" name="test_power_zero_and_one_hundred_percent_edges" time="0.000" /><testcase classname="tests.stage5c2gR32A.test_stage5c2gR32A_calibration" name="test_r32_failure_is_declared_immutable_and_not_a_rule_source" time="0.002" /><testcase classname="tests.stage5c2gR32A.test_stage5c2gR32A_calibration" name="test_simulated_alternative_is_random_and_matches_analytic_power" time="0.002" /><testcase classname="tests.stage5c2gR32A1.test_authorization_interface" name="test_each_invalid_receipt_fixture_fails_closed[authorized_scope-G1_G2]" time="0.001" /><testcase classname="tests.stage5c2gR32A1.test_authorization_interface" name="test_each_invalid_receipt_fixture_fails_closed[blocked_scopes-value14]" time="0.000" /><testcase classname="tests.stage5c2gR32A1.test_authorization_interface" name="test_each_invalid_receipt_fixture_fails_closed[candidate_sha256-bbbbbbbbbbbbbbbbbbbbbbbbbbbbbbbbbbbbbbbbbbbbbbbbbbbbbbbbbbbbbbbb]" time="0.000" /><testcase classname="tests.stage5c2gR32A1.test_authorization_interface" name="test_each_invalid_receipt_fixture_fails_closed[decision-REJECT]" time="0.000" /><testcase classname="tests.stage5c2gR32A1.test_authorization_interface" name="test_each_invalid_receipt_fixture_fails_closed[environment_sha256-bbbbbbbbbbbbbbbbbbbbbbbbbbbbbbbbbbbbbbbbbbbbbbbbbbbbbbbbbbbbbbbb]" time="0.000" /><testcase classname="tests.stage5c2gR32A1.test_authorization_interface" name="test_each_invalid_receipt_fixture_fails_closed[g1_config_sha256-bbbbbbbbbbbbbbbbbbbbbbbbbbbbbbbbbbbbbbbbbbbbbbbbbbbbbbbbbbbbbbbb]" time="0.000" /><testcase classname="tests.stage5c2gR32A1.test_authorization_interface" name="test_each_invalid_receipt_fixture_fails_closed[g1_plan_sha256-bbbbbbbbbbbbbbbbbbbbbbbbbbbbbbbbbbbbbbbbbbbbbbbbbbbbbbbbbbbbbbbb]" time="0.001" /><testcase classname="tests.stage5c2gR32A1.test_authorization_interface" name="test_each_invalid_receipt_fixture_fails_closed[issued_at_utc-2026-07-30T12:00:00]" time="0.000" /><testcase classname="tests.stage5c2gR32A1.test_authorization_interface" name="test_each_invalid_receipt_fixture_fails_closed[issuer-value17]" time="0.000" /><testcase classname="tests.stage5c2gR32A1.test_authorization_interface" name="test_each_invalid_receipt_fixture_fails_closed[issuer-value18]" time="0.000" /><testcase classname="tests.stage5c2gR32A1.test_authorization_interface" name="test_each_invalid_receipt_fixture_fails_closed[protocol_archive_sha256-bbbbbbbbbbbbbbbbbbbbbbbbbbbbbbbbbbbbbbbbbbbbbbbbbbbbbbbbbbbbbbbb]" time="0.000" /><testcase classname="tests.stage5c2gR32A1.test_authorization_interface" name="test_each_invalid_receipt_fixture_fails_closed[receipt_id-not-a-uuid]" time="0.000" /><testcase classname="tests.stage5c2gR32A1.test_authorization_interface" name="test_each_invalid_receipt_fixture_fails_closed[runner_sha256-bbbbbbbbbbbbbbbbbbbbbbbbbbbbbbbbbbbbbbbbbbbbbbbbbbbbbbbbbbbbbbbb]" time="0.000" /><testcase classname="tests.stage5c2gR32A1.test_authorization_interface" name="test_each_invalid_receipt_fixture_fails_closed[runtime_tree_sha256-bbbbbbbbbbbbbbbbbbbbbbbbbbbbbbbbbbbbbbbbbbbbbbbbbbbbbbbbbbbbbbbb]" time="0.000" /><testcase classname="tests.stage5c2gR32A1.test_authorization_interface" name="test_each_invalid_receipt_fixture_fails_closed[schema_version-haxs.stage5c2gR32.authorization.v1]" time="0.000" /><testcase classname="tests.stage5c2gR32A1.test_authorization_interface" name="test_each_invalid_receipt_fixture_fails_closed[test_ledger_sha256-bbbbbbbbbbbbbbbbbbbbbbbbbbbbbbbbbbbbbbbbbbbbbbbbbbbbbbbbbbbbbbbb]" time="0.000" /><testcase classname="tests.stage5c2gR32A1.test_authorization_interface" name="test_each_invalid_receipt_fixture_fails_closed[two_host_g0_sha256-bbbbbbbbbbbbbbbbbbbbbbbbbbbbbbbbbbbbbbbbbbbbbbbbbbbbbbbbbbbbbbbb]" time="0.000" /><testcase classname="tests.stage5c2gR32A1.test_authorization_interface" name="test_each_invalid_receipt_fixture_fails_closed[unit_registry_sha256-bbbbbbbbbbbbbbbbbbbbbbbbbbbbbbbbbbbbbbbbbbbbbbbbbbbbbbbbbbbbbbbb]" time="0.000" /><testcase classname="tests.stage5c2gR32A1.test_authorization_interface" name="test_each_invalid_receipt_fixture_fails_closed[wheel_sha256-bbbbbbbbbbbbbbbbbbbbbbbbbbbbbbbbbbbbbbbbbbbbbbbbbbbbbbbbbbbbbbbb]" time="0.000" /><testcase classname="tests.stage5c2gR32A1.test_authorization_interface" name="test_exact_key_valid_current_stage_receipt_is_accepted" time="0.000" /><testcase classname="tests.stage5c2gR32A1.test_authorization_interface" name="test_malformed_duplicate_and_symlink_receipts_fail_closed" time="0.001" /><testcase classname="tests.stage5c2gR32A1.test_authorization_interface" name="test_missing_and_additional_receipt_keys_fail_closed" time="0.000" /><testcase classname="tests.stage5c2gR32A1.test_authorization_interface" name="test_predecessor_finalizer_and_launcher_are_not_current_stage_routes" time="0.000" /><testcase classname="tests.stage5c2gR32A1.test_authorization_interface" name="test_receipt_replay_against_another_candidate_fails_closed" time="0.000" /><testcase classname="tests.stage5c2gR32A1.test_authorization_interface" name="test_runtime_root_contracts_and_custody_are_self_contained" time="0.066" /><testcase classname="tests.stage5c2gR32A1.test_authorization_interface" name="test_strict_root_extra_hook_fails_closed" time="0.001" /><testcase classname="tests.stage5c2gR32A1.test_authorization_interface" name="test_strict_root_missing_required_entry_fails_closed" time="0.001" /><testcase classname="tests.stage5c2gR32A1.test_authorization_interface" name="test_strict_root_symlink_fails_closed" time="0.002" /><testcase classname="tests.stage5c2gR32A1.test_authorization_interface" name="test_strict_root_unlisted_nested_executable_fails_closed" time="0.001" /><testcase classname="tests.stage5c2gR32A1.test_authorization_interface" name="test_strict_root_valid_fixture_is_accepted" time="0.001" /><testcase classname="tests.stage5c2gR32A1.test_authorization_interface" name="test_unsafe_archive_entries_fail_closed[entries0]" time="0.001" /><testcase classname="tests.stage5c2gR32A1.test_authorization_interface" name="test_unsafe_archive_entries_fail_closed[entries1]" time="0.001" /><testcase classname="tests.stage5c2gR32A1.test_authorization_interface" name="test_unsafe_archive_entries_fail_closed[entries2]" time="0.001" /><testcase classname="tests.stage5c2gR32A1.test_authorization_interface" name="test_unsafe_archive_entries_fail_closed[entries3]" time="0.001" /><testcase classname="tests.stage5c2gR32A1.test_authorization_interface" name="test_unsafe_archive_entries_fail_closed[entries4]" time="0.001" /><testcase classname="tests.stage5c2gR32A1.test_single_attempt_state" name="test_multiprocess_race_allows_exactly_one_attempt" time="0.472" /><testcase classname="tests.stage5c2gR32A1.test_single_attempt_state" name="test_stale_or_mutated_running_state_cannot_be_terminalized" time="0.002" /><testcase classname="tests.stage5c2gR32A1.test_single_attempt_state" name="test_terminal_state_is_immutable_and_second_attempt_is_rejected" time="0.001" /><testcase classname="tests.stage5c2gR32A2.test_authorization_hardening" name="test_fixed_invalid_receipts_fail_closed[authorized_scope-G1_G2]" time="0.000" /><testcase classname="tests.stage5c2gR32A2.test_authorization_hardening" name="test_fixed_invalid_receipts_fail_closed[blocked_scopes-value15]" time="0.000" /><testcase classname="tests.stage5c2gR32A2.test_authorization_hardening" name="test_fixed_invalid_receipts_fail_closed[candidate_sha256-bbbbbbbbbbbbbbbbbbbbbbbbbbbbbbbbbbbbbbbbbbbbbbbbbbbbbbbbbbbbbbbb]" time="0.000" /><testcase classname="tests.stage5c2gR32A2.test_authorization_hardening" name="test_fixed_invalid_receipts_fail_closed[decision-REJECT]" time="0.000" /><testcase classname="tests.stage5c2gR32A2.test_authorization_hardening" name="test_fixed_invalid_receipts_fail_closed[environment_sha256-bbbbbbbbbbbbbbbbbbbbbbbbbbbbbbbbbbbbbbbbbbbbbbbbbbbbbbbbbbbbbbbb]" time="0.000" /><testcase classname="tests.stage5c2gR32A2.test_authorization_hardening" name="test_fixed_invalid_receipts_fail_closed[g0_return_sha256-bbbbbbbbbbbbbbbbbbbbbbbbbbbbbbbbbbbbbbbbbbbbbbbbbbbbbbbbbbbbbbbb]" time="0.000" /><testcase classname="tests.stage5c2gR32A2.test_authorization_hardening" name="test_fixed_invalid_receipts_fail_closed[g1_config_sha256-bbbbbbbbbbbbbbbbbbbbbbbbbbbbbbbbbbbbbbbbbbbbbbbbbbbbbbbbbbbbbbbb]" time="0.000" /><testcase classname="tests.stage5c2gR32A2.test_authorization_hardening" name="test_fixed_invalid_receipts_fail_closed[g1_plan_sha256-bbbbbbbbbbbbbbbbbbbbbbbbbbbbbbbbbbbbbbbbbbbbbbbbbbbbbbbbbbbbbbbb]" time="0.000" /><testcase classname="tests.stage5c2gR32A2.test_authorization_hardening" name="test_fixed_invalid_receipts_fail_closed[issued_at_utc-2026-08-03T10:00:00]" time="0.000" /><testcase classname="tests.stage5c2gR32A2.test_authorization_hardening" name="test_fixed_invalid_receipts_fail_closed[issuer-value18]" time="0.000" /><testcase classname="tests.stage5c2gR32A2.test_authorization_hardening" name="test_fixed_invalid_receipts_fail_closed[issuer-value19]" time="0.000" /><testcase classname="tests.stage5c2gR32A2.test_authorization_hardening" name="test_fixed_invalid_receipts_fail_closed[protocol_archive_sha256-bbbbbbbbbbbbbbbbbbbbbbbbbbbbbbbbbbbbbbbbbbbbbbbbbbbbbbbbbbbbbbbb]" time="0.000" /><testcase classname="tests.stage5c2gR32A2.test_authorization_hardening" name="test_fixed_invalid_receipts_fail_closed[receipt_id-not-a-uuid]" time="0.000" /><testcase classname="tests.stage5c2gR32A2.test_authorization_hardening" name="test_fixed_invalid_receipts_fail_closed[runner_sha256-bbbbbbbbbbbbbbbbbbbbbbbbbbbbbbbbbbbbbbbbbbbbbbbbbbbbbbbbbbbbbbbb]" time="0.000" /><testcase classname="tests.stage5c2gR32A2.test_authorization_hardening" name="test_fixed_invalid_receipts_fail_closed[runtime_tree_sha256-bbbbbbbbbbbbbbbbbbbbbbbbbbbbbbbbbbbbbbbbbbbbbbbbbbbbbbbbbbbbbbbb]" time="0.000" /><testcase classname="tests.stage5c2gR32A2.test_authorization_hardening" name="test_fixed_invalid_receipts_fail_closed[schema_version-haxs.stage5c2gR32A1.authorization.v1]" time="0.000" /><testcase classname="tests.stage5c2gR32A2.test_authorization_hardening" name="test_fixed_invalid_receipts_fail_closed[test_ledger_sha256-bbbbbbbbbbbbbbbbbbbbbbbbbbbbbbbbbbbbbbbbbbbbbbbbbbbbbbbbbbbbbbbb]" time="0.000" /><testcase classname="tests.stage5c2gR32A2.test_authorization_hardening" name="test_fixed_invalid_receipts_fail_closed[two_host_g0_sha256-bbbbbbbbbbbbbbbbbbbbbbbbbbbbbbbbbbbbbbbbbbbbbbbbbbbbbbbbbbbbbbbb]" time="0.000" /><testcase classname="tests.stage5c2gR32A2.test_authorization_hardening" name="test_fixed_invalid_receipts_fail_closed[unit_registry_sha256-bbbbbbbbbbbbbbbbbbbbbbbbbbbbbbbbbbbbbbbbbbbbbbbbbbbbbbbbbbbbbbbb]" time="0.000" /><testcase classname="tests.stage5c2gR32A2.test_authorization_hardening" name="test_fixed_invalid_receipts_fail_closed[wheel_sha256-bbbbbbbbbbbbbbbbbbbbbbbbbbbbbbbbbbbbbbbbbbbbbbbbbbbbbbbbbbbbbbbb]" time="0.000" /><testcase classname="tests.stage5c2gR32A2.test_authorization_hardening" name="test_fixture_ledger_contains_at_least_twenty_fixed_invalid_cases" time="0.000" /><testcase classname="tests.stage5c2gR32A2.test_authorization_hardening" name="test_import_channels_are_rejected_when_unlisted[conftest.py]" time="0.000" /><testcase classname="tests.stage5c2gR32A2.test_authorization_hardening" name="test_import_channels_are_rejected_when_unlisted[native/injected.so]" time="0.000" /><testcase classname="tests.stage5c2gR32A2.test_authorization_hardening" name="test_import_channels_are_rejected_when_unlisted[payload.zip]" time="0.000" /><testcase classname="tests.stage5c2gR32A2.test_authorization_hardening" name="test_import_channels_are_rejected_when_unlisted[scripts/yaml.pyc]" time="0.000" /><testcase classname="tests.stage5c2gR32A2.test_authorization_hardening" name="test_import_channels_are_rejected_when_unlisted[site/injected.pth]" time="0.000" /><testcase classname="tests.stage5c2gR32A2.test_authorization_hardening" name="test_import_channels_are_rejected_when_unlisted[sitecustomize.py]" time="0.000" /><testcase classname="tests.stage5c2gR32A2.test_authorization_hardening" name="test_import_channels_are_rejected_when_unlisted[usercustomize.py]" time="0.000" /><testcase classname="tests.stage5c2gR32A2.test_authorization_hardening" name="test_installed_wheel_payload_identity_ignores_only_absolute_source_url" time="0.005" /><testcase classname="tests.stage5c2gR32A2.test_authorization_hardening" name="test_invalid_primary_host_evidence_cannot_be_hidden_by_a_forged_comparator[altered_environment]" time="0.003" /><testcase classname="tests.stage5c2gR32A2.test_authorization_hardening" name="test_invalid_primary_host_evidence_cannot_be_hidden_by_a_forged_comparator[altered_ledger]" time="0.003" /><testcase classname="tests.stage5c2gR32A2.test_authorization_hardening" name="test_invalid_primary_host_evidence_cannot_be_hidden_by_a_forged_comparator[altered_runtime]" time="0.003" /><testcase classname="tests.stage5c2gR32A2.test_authorization_hardening" name="test_invalid_primary_host_evidence_cannot_be_hidden_by_a_forged_comparator[altered_targeted_junit]" time="0.002" /><testcase classname="tests.stage5c2gR32A2.test_authorization_hardening" name="test_invalid_primary_host_evidence_cannot_be_hidden_by_a_forged_comparator[equal_physical]" time="0.003" /><testcase classname="tests.stage5c2gR32A2.test_authorization_hardening" name="test_invalid_primary_host_evidence_cannot_be_hidden_by_a_forged_comparator[g1_authorized]" time="0.003" /><testcase classname="tests.stage5c2gR32A2.test_authorization_hardening" name="test_invalid_primary_host_evidence_cannot_be_hidden_by_a_forged_comparator[missing_full_junit]" time="0.002" /><testcase classname="tests.stage5c2gR32A2.test_authorization_hardening" name="test_invalid_primary_host_evidence_cannot_be_hidden_by_a_forged_comparator[missing_ledger]" time="0.003" /><testcase classname="tests.stage5c2gR32A2.test_authorization_hardening" name="test_invalid_primary_host_evidence_cannot_be_hidden_by_a_forged_comparator[missing_transcript]" time="0.003" /><testcase classname="tests.stage5c2gR32A2.test_authorization_hardening" name="test_invalid_primary_host_evidence_cannot_be_hidden_by_a_forged_comparator[prior_authorization]" time="0.003" /><testcase classname="tests.stage5c2gR32A2.test_authorization_hardening" name="test_invalid_primary_host_evidence_cannot_be_hidden_by_a_forged_comparator[scientific_execution]" time="0.005" /><testcase classname="tests.stage5c2gR32A2.test_authorization_hardening" name="test_invalid_primary_host_evidence_cannot_be_hidden_by_a_forged_comparator[wrong_candidate]" time="0.003" /><testcase classname="tests.stage5c2gR32A2.test_authorization_hardening" name="test_official_g0_enforces_read_only_root_and_nested_bytecode_is_disabled" time="0.000" /><testcase classname="tests.stage5c2gR32A2.test_authorization_hardening" name="test_retained_full_suite_compatibility_artifacts_are_candidate_bound" time="0.001" /><testcase classname="tests.stage5c2gR32A2.test_authorization_hardening" name="test_setup_failure_does_not_reserve_scientific_attempt[wheel_install_failure]" time="0.001" /><testcase classname="tests.stage5c2gR32A2.test_authorization_hardening" name="test_setup_failure_does_not_reserve_scientific_attempt[wrong_dependency]" time="0.001" /><testcase classname="tests.stage5c2gR32A2.test_authorization_hardening" name="test_setup_failure_does_not_reserve_scientific_attempt[wrong_python]" time="0.001" /><testcase classname="tests.stage5c2gR32A2.test_authorization_hardening" name="test_setup_failure_does_not_reserve_scientific_attempt[wrong_shared_library]" time="0.001" /><testcase classname="tests.stage5c2gR32A2.test_authorization_hardening" name="test_valid_complete_g0_fixture_only_dry_runs_and_creates_no_authorization" time="0.009" /><testcase classname="tests.stage5c2gR32A2.test_authorization_hardening" name="test_valid_golden_receipt_schema_is_accepted" time="0.000" /><testcase classname="tests.stage5c2gR32A2.test_authorization_hardening" name="test_valid_primary_host_evidence_is_recomputed" time="0.004" /><testcase classname="tests.stage5c2gR32A3.test_authorization_closure" name="test_acceptance_contract_contains_three_supervisory_golden_negatives" time="0.000" /><testcase classname="tests.stage5c2gR32A3.test_authorization_closure" name="test_current_candidate_is_explicitly_superseded_and_never_receipt_eligible" time="0.000" /><testcase classname="tests.stage5c2gR32A3.test_junit_semantics" name="test_exact_ordered_junit_ledger_is_accepted" time="0.001" /><testcase classname="tests.stage5c2gR32A3.test_junit_semantics" name="test_nonpassing_testcase_fails_closed[error]" time="0.001" /><testcase classname="tests.stage5c2gR32A3.test_junit_semantics" name="test_nonpassing_testcase_fails_closed[failure]" time="0.001" /><testcase classname="tests.stage5c2gR32A3.test_junit_semantics" name="test_nonpassing_testcase_fails_closed[skipped]" time="0.001" /><testcase classname="tests.stage5c2gR32A3.test_junit_semantics" name="test_wrong_identity_order_or_multiplicity_fails_closed[additional]" time="0.001" /><testcase classname="tests.stage5c2gR32A3.test_junit_semantics" name="test_wrong_identity_order_or_multiplicity_fails_closed[duplicate]" time="0.001" /><testcase classname="tests.stage5c2gR32A3.test_junit_semantics" name="test_wrong_identity_order_or_multiplicity_fails_closed[missing]" time="0.001" /><testcase classname="tests.stage5c2gR32A3.test_junit_semantics" name="test_wrong_identity_order_or_multiplicity_fails_closed[reordered]" time="0.001" /><testcase classname="tests.stage5c2gR32A3.test_junit_semantics" name="test_wrong_identity_order_or_multiplicity_fails_closed[unrelated]" time="0.001" /><testcase classname="tests.stage5c2gR32A3.test_protocol_binding" name="test_equal_host_claims_cannot_replace_actual_protocol_equality" time="0.001" /><testcase classname="tests.stage5c2gR32A3.test_protocol_binding" name="test_finalizer_rejects_return_claim_that_differs_from_actual_protocol" time="0.001" /><testcase classname="tests.stage5c2gR32A3.test_protocol_binding" name="test_fresh_unzip_entrypoint_bootstraps_sibling_imports_under_isolation" time="0.043" /><testcase classname="tests.stage5c2gR32A3.test_transcript_semantics" name="test_altered_command_exit_or_count_fails_closed[exit_status-17]" time="0.002" /><testcase classname="tests.stage5c2gR32A3.test_transcript_semantics" name="test_altered_command_exit_or_count_fails_closed[expected_test_count-2]" time="0.001" /><testcase classname="tests.stage5c2gR32A3.test_transcript_semantics" name="test_altered_command_exit_or_count_fails_closed[observed_test_count-0]" time="0.001" /><testcase classname="tests.stage5c2gR32A3.test_transcript_semantics" name="test_altered_command_exit_or_count_fails_closed[python_executable_sha256-bbbbbbbbbbbbbbbbbbbbbbbbbbbbbbbbbbbbbbbbbbbbbbbbbbbbbbbbbbbbbbbb]" time="0.001" /><testcase classname="tests.stage5c2gR32A3.test_transcript_semantics" name="test_altered_command_exit_or_count_fails_closed[status-PASS]" time="0.001" /><testcase classname="tests.stage5c2gR32A3.test_transcript_semantics" name="test_exact_structured_command_record_is_accepted" time="0.001" /><testcase classname="tests.stage5c2gR32A3.test_transcript_semantics" name="test_wrong_argv_and_wrong_junit_binding_fail_closed" time="0.001" /><testcase classname="tests.stage5c2gR32A4.test_adversarial_acceptance_contract" name="test_a3_is_permanently_rejected_for_production_g0" time="0.000" /><testcase classname="tests.stage5c2gR32A4.test_adversarial_acceptance_contract" name="test_a4_acceptance_contract_contains_required_new_failures" time="0.000" /><testcase classname="tests.stage5c2gR32A4.test_complete_return_closure" name="test_complete_return_packager_binds_raw_primary_evidence" time="0.001" /><testcase classname="tests.stage5c2gR32A4.test_complete_return_closure" name="test_complete_return_tampering_fails_before_comparison" time="0.021" /><testcase classname="tests.stage5c2gR32A4.test_complete_return_closure" name="test_current_stage_release_and_return_entrypoints_exist" time="0.000" /><testcase classname="tests.stage5c2gR32A4.test_complete_return_closure" name="test_local_two_host_dry_run_executes_from_fresh_protocol_root" time="0.000" /><testcase classname="tests.stage5c2gR32A4.test_complete_return_closure" name="test_official_finalizer_accepts_zip_objects_only" time="0.001" /><testcase classname="tests.stage5c2gR32A4.test_complete_return_closure" name="test_stale_predecessor_host_package_is_rejected" time="0.001" /><testcase classname="tests.stage5c2gR32A4.test_production_command_roundtrip" name="test_compileall_external_pycache_prefix_is_canonicalized" time="0.001" /><testcase classname="tests.stage5c2gR32A4.test_production_command_roundtrip" name="test_compileall_wrong_pycache_prefix_fails_closed" time="0.001" /><testcase classname="tests.stage5c2gR32A4.test_production_command_roundtrip" name="test_isolated_compileall_writes_only_to_external_pycache" time="0.107" /><testcase classname="tests.stage5c2gR32A4.test_production_command_roundtrip" name="test_junit_target_mutations_fail_closed[duplicate]" time="0.001" /><testcase classname="tests.stage5c2gR32A4.test_production_command_roundtrip" name="test_junit_target_mutations_fail_closed[empty]" time="0.001" /><testcase classname="tests.stage5c2gR32A4.test_production_command_roundtrip" name="test_junit_target_mutations_fail_closed[malformed]" time="0.001" /><testcase classname="tests.stage5c2gR32A4.test_production_command_roundtrip" name="test_junit_target_mutations_fail_closed[missing-output]" time="0.001" /><testcase classname="tests.stage5c2gR32A4.test_production_command_roundtrip" name="test_junit_target_mutations_fail_closed[missing]" time="0.007" /><testcase classname="tests.stage5c2gR32A4.test_production_command_roundtrip" name="test_junit_target_mutations_fail_closed[noncanonical]" time="0.015" /><testcase classname="tests.stage5c2gR32A4.test_production_command_roundtrip" name="test_junit_target_mutations_fail_closed[outside]" time="0.007" /><testcase classname="tests.stage5c2gR32A4.test_production_command_roundtrip" name="test_junit_target_mutations_fail_closed[wrong-root]" time="0.001" /><testcase classname="tests.stage5c2gR32A4.test_production_command_roundtrip" name="test_production_record_remains_verifiable_after_evidence_is_moved" time="0.239" /><testcase classname="tests.stage5c2gR32A4.test_production_command_roundtrip" name="test_production_writer_record_round_trips_under_safe_root" time="0.207" /><testcase classname="tests.stage5c2gR32A4.test_production_command_roundtrip" name="test_relative_argv_target_is_equivalent_to_recorded_relative_path" time="0.001" /><testcase classname="tests.stage5c2gR32A4.test_production_command_roundtrip" name="test_symlinked_junit_target_and_ancestor_fail_closed" time="0.001" /><testcase classname="tests.stage5c2gR32A5.test_authorization_lifecycle" name="test_concurrent_or_repeated_launch_cannot_reserve_twice" time="0.010" /><testcase classname="tests.stage5c2gR32A5.test_authorization_lifecycle" name="test_control_plane_mutations_fail_closed[control-symlink]" time="0.005" /><testcase classname="tests.stage5c2gR32A5.test_authorization_lifecycle" name="test_control_plane_mutations_fail_closed[extra]" time="0.005" /><testcase classname="tests.stage5c2gR32A5.test_authorization_lifecycle" name="test_control_plane_mutations_fail_closed[missing]" time="0.004" /><testcase classname="tests.stage5c2gR32A5.test_authorization_lifecycle" name="test_control_plane_mutations_fail_closed[receipt-replay]" time="0.005" /><testcase classname="tests.stage5c2gR32A5.test_authorization_lifecycle" name="test_control_plane_mutations_fail_closed[stale-authorization]" time="0.005" /><testcase classname="tests.stage5c2gR32A5.test_authorization_lifecycle" name="test_control_plane_mutations_fail_closed[wrong-candidate]" time="0.005" /><testcase classname="tests.stage5c2gR32A5.test_authorization_lifecycle" name="test_control_root_ancestor_symlink_fails_closed" time="0.002" /><testcase classname="tests.stage5c2gR32A5.test_authorization_lifecycle" name="test_execution_contract_mismatch_fails_before_reservation" time="0.005" /><testcase classname="tests.stage5c2gR32A5.test_authorization_lifecycle" name="test_invalid_terminal_artifact_manifest_fails_closed" time="0.011" /><testcase classname="tests.stage5c2gR32A5.test_authorization_lifecycle" name="test_runner_failure_terminalizes_once_and_does_not_retry" time="0.010" /><testcase classname="tests.stage5c2gR32A5.test_authorization_lifecycle" name="test_scientific_artifacts_are_closed_in_terminal_manifest" time="0.013" /><testcase classname="tests.stage5c2gR32A5.test_authorization_lifecycle" name="test_setup_failure_does_not_reserve_attempt_or_run" time="0.005" /><testcase classname="tests.stage5c2gR32A5.test_authorization_lifecycle" name="test_two_concurrent_launches_execute_runner_once" time="0.010" /><testcase classname="tests.stage5c2gR32A5.test_authorization_lifecycle" name="test_valid_production_lifecycle_reaches_runner_exactly_once" time="0.011" /><testcase classname="tests.stage5c2gR32A5.test_authorization_lifecycle" name="test_wrong_candidate_receipt_fails_before_control_commit" time="0.003" /></testsuite></testsuites>