<?xml version="1.0" encoding="utf-8"?><testsuites><testsuite name="pytest" errors="0" failures="0" skipped="0" tests="59" time="1.251" timestamp="2026-08-03T10:31:38.325844" hostname="Unknown_da:e5:48:24:1d:4f"><testcase classname="tests.stage5c2gR32A1.test_authorization_interface" name="test_exact_key_valid_current_stage_receipt_is_accepted" time="0.000" /><testcase classname="tests.stage5c2gR32A1.test_authorization_interface" name="test_each_invalid_receipt_fixture_fails_closed[schema_version-haxs.stage5c2gR32.authorization.v1]" time="0.000" /><testcase classname="tests.stage5c2gR32A1.test_authorization_interface" name="test_each_invalid_receipt_fixture_fails_closed[decision-REJECT]" time="0.000" /><testcase classname="tests.stage5c2gR32A1.test_authorization_interface" name="test_each_invalid_receipt_fixture_fails_closed[candidate_sha256-bbbbbbbbbbbbbbbbbbbbbbbbbbbbbbbbbbbbbbbbbbbbbbbbbbbbbbbbbbbbbbbb]" time="0.000" /><testcase classname="tests.stage5c2gR32A1.test_authorization_interface" name="test_each_invalid_receipt_fixture_fails_closed[protocol_archive_sha256-bbbbbbbbbbbbbbbbbbbbbbbbbbbbbbbbbbbbbbbbbbbbbbbbbbbbbbbbbbbbbbbb]" time="0.000" /><testcase classname="tests.stage5c2gR32A1.test_authorization_interface" name="test_each_invalid_receipt_fixture_fails_closed[runtime_tree_sha256-bbbbbbbbbbbbbbbbbbbbbbbbbbbbbbbbbbbbbbbbbbbbbbbbbbbbbbbbbbbbbbbb]" time="0.000" /><testcase classname="tests.stage5c2gR32A1.test_authorization_interface" name="test_each_invalid_receipt_fixture_fails_closed[wheel_sha256-bbbbbbbbbbbbbbbbbbbbbbbbbbbbbbbbbbbbbbbbbbbbbbbbbbbbbbbbbbbbbbbb]" time="0.000" /><testcase classname="tests.stage5c2gR32A1.test_authorization_interface" name="test_each_invalid_receipt_fixture_fails_closed[environment_sha256-bbbbbbbbbbbbbbbbbbbbbbbbbbbbbbbbbbbbbbbbbbbbbbbbbbbbbbbbbbbbbbbb]" time="0.000" /><testcase classname="tests.stage5c2gR32A1.test_authorization_interface" name="test_each_invalid_receipt_fixture_fails_closed[g1_config_sha256-bbbbbbbbbbbbbbbbbbbbbbbbbbbbbbbbbbbbbbbbbbbbbbbbbbbbbbbbbbbbbbbb]" time="0.000" /><testcase classname="tests.stage5c2gR32A1.test_authorization_interface" name="test_each_invalid_receipt_fixture_fails_closed[g1_plan_sha256-bbbbbbbbbbbbbbbbbbbbbbbbbbbbbbbbbbbbbbbbbbbbbbbbbbbbbbbbbbbbbbbb]" time="0.000" /><testcase classname="tests.stage5c2gR32A1.test_authorization_interface" name="test_each_invalid_receipt_fixture_fails_closed[unit_registry_sha256-bbbbbbbbbbbbbbbbbbbbbbbbbbbbbbbbbbbbbbbbbbbbbbbbbbbbbbbbbbbbbbbb]" time="0.000" /><testcase classname="tests.stage5c2gR32A1.test_authorization_interface" name="test_each_invalid_receipt_fixture_fails_closed[runner_sha256-bbbbbbbbbbbbbbbbbbbbbbbbbbbbbbbbbbbbbbbbbbbbbbbbbbbbbbbbbbbbbbbb]" time="0.000" /><testcase classname="tests.stage5c2gR32A1.test_authorization_interface" name="test_each_invalid_receipt_fixture_fails_closed[test_ledger_sha256-bbbbbbbbbbbbbbbbbbbbbbbbbbbbbbbbbbbbbbbbbbbbbbbbbbbbbbbbbbbbbbbb]" time="0.000" /><testcase classname="tests.stage5c2gR32A1.test_authorization_interface" name="test_each_invalid_receipt_fixture_fails_closed[two_host_g0_sha256-bbbbbbbbbbbbbbbbbbbbbbbbbbbbbbbbbbbbbbbbbbbbbbbbbbbbbbbbbbbbbbbb]" time="0.000" /><testcase classname="tests.stage5c2gR32A1.test_authorization_interface" name="test_each_invalid_receipt_fixture_fails_closed[authorized_scope-G1_G2]" time="0.000" /><testcase classname="tests.stage5c2gR32A1.test_authorization_interface" name="test_each_invalid_receipt_fixture_fails_closed[blocked_scopes-value14]" time="0.000" /><testcase classname="tests.stage5c2gR32A1.test_authorization_interface" name="test_each_invalid_receipt_fixture_fails_closed[receipt_id-not-a-uuid]" time="0.000" /><testcase classname="tests.stage5c2gR32A1.test_authorization_interface" name="test_each_invalid_receipt_fixture_fails_closed[issued_at_utc-2026-07-30T12:00:00]" time="0.000" /><testcase classname="tests.stage5c2gR32A1.test_authorization_interface" name="test_each_invalid_receipt_fixture_fails_closed[issuer-value17]" time="0.000" /><testcase classname="tests.stage5c2gR32A1.test_authorization_interface" name="test_each_invalid_receipt_fixture_fails_closed[issuer-value18]" time="0.000" /><testcase classname="tests.stage5c2gR32A1.test_authorization_interface" name="test_missing_and_additional_receipt_keys_fail_closed" time="0.000" /><testcase classname="tests.stage5c2gR32A1.test_authorization_interface" name="test_receipt_replay_against_another_candidate_fails_closed" time="0.000" /><testcase classname="tests.stage5c2gR32A1.test_authorization_interface" name="test_malformed_duplicate_and_symlink_receipts_fail_closed" time="0.005" /><testcase classname="tests.stage5c2gR32A1.test_authorization_interface" name="test_runtime_root_contracts_and_custody_are_self_contained" time="0.038" /><testcase classname="tests.stage5c2gR32A1.test_authorization_interface" name="test_unsafe_archive_entries_fail_closed[entries0]" time="0.001" /><testcase classname="tests.stage5c2gR32A1.test_authorization_interface" name="test_unsafe_archive_entries_fail_closed[entries1]" time="0.001" /><testcase classname="tests.stage5c2gR32A1.test_authorization_interface" name="test_unsafe_archive_entries_fail_closed[entries2]" time="0.000" /><testcase classname="tests.stage5c2gR32A1.test_authorization_interface" name="test_unsafe_archive_entries_fail_closed[entries3]" time="0.000" /><testcase classname="tests.stage5c2gR32A1.test_authorization_interface" name="test_unsafe_archive_entries_fail_closed[entries4]" time="0.000" /><testcase classname="tests.stage5c2gR32A1.test_authorization_interface" name="test_predecessor_finalizer_and_launcher_are_not_current_stage_routes" time="0.000" /><testcase classname="tests.stage5c2gR32A1.test_authorization_interface" name="test_strict_root_valid_fixture_is_accepted" time="0.001" /><testcase classname="tests.stage5c2gR32A1.test_authorization_interface" name="test_strict_root_extra_hook_fails_closed" time="0.001" /><testcase classname="tests.stage5c2gR32A1.test_authorization_interface" name="test_strict_root_missing_required_entry_fails_closed" time="0.001" /><testcase classname="tests.stage5c2gR32A1.test_authorization_interface" name="test_strict_root_unlisted_nested_executable_fails_closed" time="0.001" /><testcase classname="tests.stage5c2gR32A1.test_authorization_interface" name="test_strict_root_symlink_fails_closed" time="0.001" /><testcase classname="tests.stage5c2gR32A1.test_single_attempt_state" name="test_multiprocess_race_allows_exactly_one_attempt" time="0.217" /><testcase classname="tests.stage5c2gR32A1.test_single_attempt_state" name="test_terminal_state_is_immutable_and_second_attempt_is_rejected" time="0.002" /><testcase classname="tests.stage5c2gR32A1.test_single_attempt_state" name="test_stale_or_mutated_running_state_cannot_be_terminalized" time="0.001" /><testcase classname="tests.stage5c2gR32A.test_stage5c2gR32A_calibration" name="test_analytic_normal_power_matches_closed_form_fixture" time="0.000" /><testcase classname="tests.stage5c2gR32A.test_stage5c2gR32A_calibration" name="test_simulated_alternative_is_random_and_matches_analytic_power" time="0.002" /><testcase classname="tests.stage5c2gR32A.test_stage5c2gR32A_calibration" name="test_power_zero_and_one_hundred_percent_edges" time="0.000" /><testcase classname="tests.stage5c2gR32A.test_stage5c2gR32A_calibration" name="test_all_four_unit_registry_and_missing_or_duplicate_fail_closed" time="0.003" /><testcase classname="tests.stage5c2gR32A.test_stage5c2gR32A_calibration" name="test_global_family_is_stricter_than_each_case_family" time="0.000" /><testcase classname="tests.stage5c2gR32A.test_stage5c2gR32A_calibration" name="test_development_and_validation_seed_namespaces_do_not_collide" time="0.002" /><testcase classname="tests.stage5c2gR32A.test_stage5c2gR32A_calibration" name="test_frozen_validation_rule_exactly_matches_development_rule" time="0.002" /><testcase classname="tests.stage5c2gR32A.test_stage5c2gR32A_calibration" name="test_iid_sampling_retains_random_alternative_variability" time="0.006" /><testcase classname="tests.stage5c2gR32A.test_stage5c2gR32A_calibration" name="test_population_missing_duplicate_or_invalid_cells_fail_closed" time="0.183" /><testcase classname="tests.stage5c2gR32A.test_stage5c2gR32A_calibration" name="test_r32_failure_is_declared_immutable_and_not_a_rule_source" time="0.001" /><testcase classname="tests.regression.test_dtwa_validation_repair" name="test_css_phase_point_shell_is_not_forced_to_half" time="0.000" /><testcase classname="tests.regression.test_dtwa_validation_repair" name="test_no_first_step_spin_length_collapse_no_holes" time="0.002" /><testcase classname="tests.regression.test_dtwa_validation_repair" name="test_css_squeezing_near_zero_db_at_t0" time="0.001" /><testcase classname="tests.regression.test_stage4b_decision_integrity" name="test_shape_column_is_not_pandas_shape_tuple" time="0.001" /><testcase classname="tests.regression.test_stage4b_decision_integrity" name="test_nested_trajectory_count_matches_decision_source" time="0.000" /><testcase classname="tests.regression.test_stage4b_decision_integrity" name="test_saved_shape_table_preserves_shape_column" time="0.002" /><testcase classname="tests.regression.test_stage4f_decision_language" name="test_stage4f_decision_never_allows_publication_claim_directly" time="0.000" /><testcase classname="tests.regression.test_stage5aR_repair_integrity" name="test_stage5aR_no_publication_claim_in_decision_script" time="0.000" /><testcase classname="tests.regression.test_stage5aR_repair_integrity" name="test_stage5aR_runbook_names_full_high_trajectory_gate" time="0.000" /><testcase classname="tests.regression.test_stage5b0_gate_semantics" name="test_stage5b0_block_fails_when_trajectory_fraction_high" time="0.000" /><testcase classname="tests.regression.test_stage5b0_gate_semantics" name="test_stage5b0_block_passes_when_all_gates_pass" time="0.000" /></testsuite></testsuites>